#2.0#2023 02 04 13:29:28.387#Z#DEBUG#com.sap.cloud.lm.sl.xs2.e82ac8e3-a48f-11ed-af52-eeee0a9ffff7.approve-car-order_wm_workflow.startContentDeployTask#
######org.cloudfoundry.multiapps.controller.persistence.services.ProcessLogger########flowable-async-job-executor-thread-1058###
[PollDeployContentStatusExecution] [approve-car-order] [INFO] Deployment of file Id edd57002-a48f-11ed-bba3-4fa17cf77f42 started#

#2.0#2023 02 04 13:29:28.387#Z#DEBUG#com.sap.cloud.lm.sl.xs2.e82ac8e3-a48f-11ed-af52-eeee0a9ffff7.approve-car-order_wm_workflow.startContentDeployTask#
######org.cloudfoundry.multiapps.controller.persistence.services.ProcessLogger########flowable-async-job-executor-thread-1058###
[PollDeployContentStatusExecution] [approve-car-order] [INFO] Deployment of ApproveCarOrder.form started#

#2.0#2023 02 04 13:29:28.395#Z#DEBUG#com.sap.cloud.lm.sl.xs2.e82ac8e3-a48f-11ed-af52-eeee0a9ffff7.approve-car-order_wm_workflow.startContentDeployTask#
######org.cloudfoundry.multiapps.controller.persistence.services.ProcessLogger########flowable-async-job-executor-thread-1058###
[PollDeployContentStatusExecution] [approve-car-order] [ERROR] Deployment of ApproveCarOrder.form failed due to  invalid response code 422 from runtime server, Response Details: {"error":{"code":"bpm.workflowruntime.form.definition.model.invalid","message":"Validation of the form definition has failed.","details":[{"severity":"error","message":"Error in element: 'id' must not be empty.","modelElement":"content[1].id"},{"severity":"error","message":"Error in element: 'id' must not be empty.","modelElement":"content[2].id"},{"severity":"error","message":"Error in element: 'id' must be unique across all direct children.","modelElement":"content"}]}}#

#2.0#2023 02 04 13:29:28.401#Z#DEBUG#com.sap.cloud.lm.sl.xs2.e82ac8e3-a48f-11ed-af52-eeee0a9ffff7.approve-car-order_wm_workflow.startContentDeployTask#
######org.cloudfoundry.multiapps.controller.persistence.services.ProcessLogger########flowable-async-job-executor-thread-1058###
[PollDeployContentStatusExecution] [approve-car-order] [FATAL] Deployment of ApproveCarOrder.form failed , Error Details: while trying to invoke the method org.springframework.http.ResponseEntity.getStatusCode() of a null object loaded from local variable 'response'#

#2.0#2023 02 04 13:29:28.401#Z#DEBUG#com.sap.cloud.lm.sl.xs2.e82ac8e3-a48f-11ed-af52-eeee0a9ffff7.approve-car-order_wm_workflow.startContentDeployTask#
######org.cloudfoundry.multiapps.controller.persistence.services.ProcessLogger########flowable-async-job-executor-thread-1058###
[PollDeployContentStatusExecution] [approve-car-order] [INFO] Deployment of ApproveCarOrder.workflow started#

#2.0#2023 02 04 13:29:28.401#Z#DEBUG#com.sap.cloud.lm.sl.xs2.e82ac8e3-a48f-11ed-af52-eeee0a9ffff7.approve-car-order_wm_workflow.startContentDeployTask#
######org.cloudfoundry.multiapps.controller.persistence.services.ProcessLogger########flowable-async-job-executor-thread-1058###
[PollDeployContentStatusExecution] [approve-car-order] [INFO] Deployment of ApproveCarOrder.workflow was completed successfully, Deployment details : {"deployResourceId":"ee022554-a48f-11ed-bba3-556ef5648510","contentId":"ee022553-a48f-11ed-bba3-bdb4f583319f","deployedArtifactId":"approvecarorder","deployedArtifactName":"ApproveCarOrder","deployedArtifactVersion":"1"}#

#2.0#2023 02 04 13:29:38.302#Z#DEBUG#com.sap.cloud.lm.sl.xs2.e82ac8e3-a48f-11ed-af52-eeee0a9ffff7.approve-car-order_wm_workflow.startContentDeployTask#
######org.cloudfoundry.multiapps.controller.persistence.services.ProcessLogger########flowable-async-job-executor-thread-1059###
[PollDeployContentStatusExecution] [approve-car-order] [INFO] Deployment of file Id edd57002-a48f-11ed-bba3-4fa17cf77f42 started#

#2.0#2023 02 04 13:29:38.307#Z#DEBUG#com.sap.cloud.lm.sl.xs2.e82ac8e3-a48f-11ed-af52-eeee0a9ffff7.approve-car-order_wm_workflow.startContentDeployTask#
######org.cloudfoundry.multiapps.controller.persistence.services.ProcessLogger########flowable-async-job-executor-thread-1059###
[PollDeployContentStatusExecution] [approve-car-order] [FATAL] Deployment of file Id edd57002-a48f-11ed-bba3-4fa17cf77f42  Failed, Error details: while trying to invoke the method com.sap.bpm.wds.core.model.WorkflowModuleContent.getSubcontents() of a null object loaded from local variable 'obj'#

