#2.0#2023 02 04 13:29:10.081#Z#INFO#com.sap.cloud.lm.sl.xs2.e82ac8e3-a48f-11ed-af52-eeee0a9ffff7.OPERATION.startEvent#
######org.cloudfoundry.multiapps.controller.persistence.services.ProcessLogger########http-nio-0.0.0.0-8080-exec-3###
[XS2StartProcessListener] Operation ID: e82ac8e3-a48f-11ed-af52-eeee0a9ffff7#

#2.0#2023 02 04 13:29:10.102#Z#DEBUG#com.sap.cloud.lm.sl.xs2.e82ac8e3-a48f-11ed-af52-eeee0a9ffff7.OPERATION.startEvent#
######org.cloudfoundry.multiapps.controller.persistence.services.ProcessLogger########http-nio-0.0.0.0-8080-exec-3###
[XS2StartProcessListener] Process environment: {
  "SKIP_SSL_VALIDATION" : "false",
  "FLOWABLE_JOB_EXECUTOR_MAX_THREADS" : "32",
  "VERSION" : "1.148.0",
  "BASIC_AUTH_ENABLED" : "true",
  "FLOWABLE_JOB_EXECUTOR_QUEUE_CAPACITY" : "16",
  "FLOWABLE_JOB_EXECUTOR_CORE_THREADS" : "8"
}#

#2.0#2023 02 04 13:29:10.102#Z#DEBUG#com.sap.cloud.lm.sl.xs2.e82ac8e3-a48f-11ed-af52-eeee0a9ffff7.OPERATION.startEvent#
######org.cloudfoundry.multiapps.controller.persistence.services.ProcessLogger########http-nio-0.0.0.0-8080-exec-3###
[XS2StartProcessListener] Current user: artsiom_sauchuk@epam.com#

#2.0#2023 02 04 13:29:10.102#Z#DEBUG#com.sap.cloud.lm.sl.xs2.e82ac8e3-a48f-11ed-af52-eeee0a9ffff7.OPERATION.startEvent#
######org.cloudfoundry.multiapps.controller.persistence.services.ProcessLogger########http-nio-0.0.0.0-8080-exec-3###
[XS2StartProcessListener] Client space: dev#

#2.0#2023 02 04 13:29:10.102#Z#DEBUG#com.sap.cloud.lm.sl.xs2.e82ac8e3-a48f-11ed-af52-eeee0a9ffff7.OPERATION.startEvent#
######org.cloudfoundry.multiapps.controller.persistence.services.ProcessLogger########http-nio-0.0.0.0-8080-exec-3###
[XS2StartProcessListener] Client organization: 305d4149trial#

#2.0#2023 02 04 13:29:10.103#Z#INFO#com.sap.cloud.lm.sl.xs2.e82ac8e3-a48f-11ed-af52-eeee0a9ffff7.OPERATION.startEvent#
######org.cloudfoundry.multiapps.controller.persistence.services.ProcessLogger########http-nio-0.0.0.0-8080-exec-3###
[XS2StartProcessListener] Process variables: {
  "abortOnError" : false,
  "mtaId" : "wfm-car-order",
  "keepFiles" : false,
  "verifyArchiveSignature" : false,
  "noFailOnMissingPermissions" : false,
  "deleteServiceBrokers" : false,
  "appArchiveId" : "bd4e080b-cb87-4223-bb93-6160dfb4f819",
  "gitUri" : "",
  "deleteServiceKeys" : false,
  "noRestartSubscribedApps" : false,
  "noStart" : false,
  "deleteServices" : false
}#

#2.0#2023 02 04 13:29:10.154#Z#DEBUG#com.sap.cloud.lm.sl.xs2.e82ac8e3-a48f-11ed-af52-eeee0a9ffff7.OPERATION.validateParametersTask#
######org.cloudfoundry.multiapps.controller.persistence.services.ProcessLogger########flowable-async-job-executor-thread-737###
[ValidateDeployParametersStep] Executing task "validateParametersTask" of process "e82ac903-a48f-11ed-af52-eeee0a9ffff7"...#

#2.0#2023 02 04 13:29:10.154#Z#DEBUG#com.sap.cloud.lm.sl.xs2.e82ac8e3-a48f-11ed-af52-eeee0a9ffff7.OPERATION.validateParametersTask#
######org.cloudfoundry.multiapps.controller.persistence.services.ProcessLogger########flowable-async-job-executor-thread-737###
[ValidateDeployParametersStep] Validating parameters...#

#2.0#2023 02 04 13:29:10.155#Z#INFO#com.sap.cloud.lm.sl.xs2.e82ac8e3-a48f-11ed-af52-eeee0a9ffff7.OPERATION.validateParametersTask#
######org.cloudfoundry.multiapps.controller.persistence.services.ProcessLogger########flowable-async-job-executor-thread-737###
[ValidateDeployParametersStep] Deploying in org "305d4149trial" and space "dev"#

#2.0#2023 02 04 13:29:10.160#Z#DEBUG#com.sap.cloud.lm.sl.xs2.e82ac8e3-a48f-11ed-af52-eeee0a9ffff7.OPERATION.validateParametersTask#
######org.cloudfoundry.multiapps.controller.persistence.services.ProcessLogger########flowable-async-job-executor-thread-737###
[ValidateDeployParametersStep] Parameters validated#

#2.0#2023 02 04 13:29:10.160#Z#DEBUG#com.sap.cloud.lm.sl.xs2.e82ac8e3-a48f-11ed-af52-eeee0a9ffff7.OPERATION.validateParametersTask#
######org.cloudfoundry.multiapps.controller.persistence.services.ProcessLogger########flowable-async-job-executor-thread-737###
Step "Validate Parameters" finished#

#2.0#2023 02 04 13:29:10.207#Z#DEBUG#com.sap.cloud.lm.sl.xs2.e82ac8e3-a48f-11ed-af52-eeee0a9ffff7.OPERATION.deleteRemainingFileParts#
######org.cloudfoundry.multiapps.controller.persistence.services.ProcessLogger########flowable-async-job-executor-thread-738###
[DeleteRemainingFileParts] Executing task "deleteRemainingFileParts" of process "e82ac903-a48f-11ed-af52-eeee0a9ffff7"...#

#2.0#2023 02 04 13:29:10.209#Z#DEBUG#com.sap.cloud.lm.sl.xs2.e82ac8e3-a48f-11ed-af52-eeee0a9ffff7.OPERATION.deleteRemainingFileParts#
######org.cloudfoundry.multiapps.controller.persistence.services.ProcessLogger########flowable-async-job-executor-thread-738###
Step "Delete Remaining File Parts" finished#

#2.0#2023 02 04 13:29:10.249#Z#DEBUG#com.sap.cloud.lm.sl.xs2.e82ac8e3-a48f-11ed-af52-eeee0a9ffff7.OPERATION.processArchiveTask#
######org.cloudfoundry.multiapps.controller.persistence.services.ProcessLogger########flowable-async-job-executor-thread-739###
[XS2ProcessMtaArchiveStep] Executing task "processArchiveTask" of process "e82ac903-a48f-11ed-af52-eeee0a9ffff7"...#

#2.0#2023 02 04 13:29:10.251#Z#DEBUG#com.sap.cloud.lm.sl.xs2.e82ac8e3-a48f-11ed-af52-eeee0a9ffff7.OPERATION.processArchiveTask#
######org.cloudfoundry.multiapps.controller.persistence.services.ProcessLogger########flowable-async-job-executor-thread-739###
[XS2ProcessMtaArchiveStep] Processing MTA archive...#

#2.0#2023 02 04 13:29:10.251#Z#DEBUG#com.sap.cloud.lm.sl.xs2.e82ac8e3-a48f-11ed-af52-eeee0a9ffff7.OPERATION.processArchiveTask#
######org.cloudfoundry.multiapps.controller.persistence.services.ProcessLogger########flowable-async-job-executor-thread-739###
[XS2ProcessMtaArchiveStep] MTA Archive ID: bd4e080b-cb87-4223-bb93-6160dfb4f819#

#2.0#2023 02 04 13:29:10.285#Z#DEBUG#com.sap.cloud.lm.sl.xs2.e82ac8e3-a48f-11ed-af52-eeee0a9ffff7.OPERATION.processArchiveTask#
######org.cloudfoundry.multiapps.controller.persistence.services.ProcessLogger########flowable-async-job-executor-thread-739###
[XS2ProcessMtaArchiveStep] MTA Archive Modules: [approve-car-order]#

#2.0#2023 02 04 13:29:10.285#Z#DEBUG#com.sap.cloud.lm.sl.xs2.e82ac8e3-a48f-11ed-af52-eeee0a9ffff7.OPERATION.processArchiveTask#
######org.cloudfoundry.multiapps.controller.persistence.services.ProcessLogger########flowable-async-job-executor-thread-739###
[XS2ProcessMtaArchiveStep] MTA Archive Requires: []#

#2.0#2023 02 04 13:29:10.285#Z#DEBUG#com.sap.cloud.lm.sl.xs2.e82ac8e3-a48f-11ed-af52-eeee0a9ffff7.OPERATION.processArchiveTask#
######org.cloudfoundry.multiapps.controller.persistence.services.ProcessLogger########flowable-async-job-executor-thread-739###
[XS2ProcessMtaArchiveStep] MTA Archive Resources: []#

#2.0#2023 02 04 13:29:10.303#Z#DEBUG#com.sap.cloud.lm.sl.xs2.e82ac8e3-a48f-11ed-af52-eeee0a9ffff7.OPERATION.processArchiveTask#
######org.cloudfoundry.multiapps.controller.persistence.services.ProcessLogger########flowable-async-job-executor-thread-739###
[XS2ProcessMtaArchiveStep] MTA archive processed#

#2.0#2023 02 04 13:29:10.303#Z#DEBUG#com.sap.cloud.lm.sl.xs2.e82ac8e3-a48f-11ed-af52-eeee0a9ffff7.OPERATION.processArchiveTask#
######org.cloudfoundry.multiapps.controller.persistence.services.ProcessLogger########flowable-async-job-executor-thread-739###
Step "Process Archive" finished#

#2.0#2023 02 04 13:29:10.350#Z#DEBUG#com.sap.cloud.lm.sl.xs2.e82ac8e3-a48f-11ed-af52-eeee0a9ffff7.OPERATION.processExtensionDescriptorsTask#
######org.cloudfoundry.multiapps.controller.persistence.services.ProcessLogger########flowable-async-job-executor-thread-740###
[ProcessMtaExtensionDescriptorsStep] Executing task "processExtensionDescriptorsTask" of process "e82ac903-a48f-11ed-af52-eeee0a9ffff7"...#

#2.0#2023 02 04 13:29:10.351#Z#DEBUG#com.sap.cloud.lm.sl.xs2.e82ac8e3-a48f-11ed-af52-eeee0a9ffff7.OPERATION.processExtensionDescriptorsTask#
######org.cloudfoundry.multiapps.controller.persistence.services.ProcessLogger########flowable-async-job-executor-thread-740###
[ProcessMtaExtensionDescriptorsStep] Processing MTA extension descriptors...#

#2.0#2023 02 04 13:29:10.351#Z#DEBUG#com.sap.cloud.lm.sl.xs2.e82ac8e3-a48f-11ed-af52-eeee0a9ffff7.OPERATION.processExtensionDescriptorsTask#
######org.cloudfoundry.multiapps.controller.persistence.services.ProcessLogger########flowable-async-job-executor-thread-740###
[ProcessMtaExtensionDescriptorsStep] Extension descriptors: [ ]#

#2.0#2023 02 04 13:29:10.352#Z#DEBUG#com.sap.cloud.lm.sl.xs2.e82ac8e3-a48f-11ed-af52-eeee0a9ffff7.OPERATION.processExtensionDescriptorsTask#
######org.cloudfoundry.multiapps.controller.persistence.services.ProcessLogger########flowable-async-job-executor-thread-740###
[ProcessMtaExtensionDescriptorsStep] MTA extension descriptors processed#

#2.0#2023 02 04 13:29:10.352#Z#DEBUG#com.sap.cloud.lm.sl.xs2.e82ac8e3-a48f-11ed-af52-eeee0a9ffff7.OPERATION.processExtensionDescriptorsTask#
######org.cloudfoundry.multiapps.controller.persistence.services.ProcessLogger########flowable-async-job-executor-thread-740###
Step "Process Extension Descriptors" finished#

#2.0#2023 02 04 13:29:10.415#Z#DEBUG#com.sap.cloud.lm.sl.xs2.e82ac8e3-a48f-11ed-af52-eeee0a9ffff7.OPERATION.detectSchemaVersionTask#
######org.cloudfoundry.multiapps.controller.persistence.services.ProcessLogger########flowable-async-job-executor-thread-741###
[DetectMtaSchemaVersionStep] Executing task "detectSchemaVersionTask" of process "e82ac903-a48f-11ed-af52-eeee0a9ffff7"...#

#2.0#2023 02 04 13:29:10.417#Z#DEBUG#com.sap.cloud.lm.sl.xs2.e82ac8e3-a48f-11ed-af52-eeee0a9ffff7.OPERATION.detectSchemaVersionTask#
######org.cloudfoundry.multiapps.controller.persistence.services.ProcessLogger########flowable-async-job-executor-thread-741###
[DetectMtaSchemaVersionStep] Detecting MTA major schema version...#

#2.0#2023 02 04 13:29:10.418#Z#INFO#com.sap.cloud.lm.sl.xs2.e82ac8e3-a48f-11ed-af52-eeee0a9ffff7.OPERATION.detectSchemaVersionTask#
######org.cloudfoundry.multiapps.controller.persistence.services.ProcessLogger########flowable-async-job-executor-thread-741###
[DetectMtaSchemaVersionStep] Detected MTA schema version: "3"#

#2.0#2023 02 04 13:29:10.424#Z#DEBUG#com.sap.cloud.lm.sl.xs2.e82ac8e3-a48f-11ed-af52-eeee0a9ffff7.OPERATION.detectSchemaVersionTask#
######org.cloudfoundry.multiapps.controller.persistence.services.ProcessLogger########flowable-async-job-executor-thread-741###
Step "Detect Schema Version" finished#

#2.0#2023 02 04 13:29:10.465#Z#DEBUG#com.sap.cloud.lm.sl.xs2.e82ac8e3-a48f-11ed-af52-eeee0a9ffff7.OPERATION.mergeDescriptorsTask#
######org.cloudfoundry.multiapps.controller.persistence.services.ProcessLogger########flowable-async-job-executor-thread-742###
[MergeDescriptorsStep] Executing task "mergeDescriptorsTask" of process "e82ac903-a48f-11ed-af52-eeee0a9ffff7"...#

#2.0#2023 02 04 13:29:10.467#Z#DEBUG#com.sap.cloud.lm.sl.xs2.e82ac8e3-a48f-11ed-af52-eeee0a9ffff7.OPERATION.mergeDescriptorsTask#
######org.cloudfoundry.multiapps.controller.persistence.services.ProcessLogger########flowable-async-job-executor-thread-742###
[MergeDescriptorsStep] Validating and merging descriptors...#

#2.0#2023 02 04 13:29:10.468#Z#DEBUG#com.sap.cloud.lm.sl.xs2.e82ac8e3-a48f-11ed-af52-eeee0a9ffff7.OPERATION.mergeDescriptorsTask#
######org.cloudfoundry.multiapps.controller.persistence.services.ProcessLogger########flowable-async-job-executor-thread-742###
[MergeDescriptorsStep] Merged deployment descriptor: {
  "majorSchemaVersion" : 3,
  "schemaVersion" : "3.2.0",
  "id" : "wfm-car-order",
  "version" : "0.0.1",
  "modules" : [ {
    "majorSchemaVersion" : 3,
    "name" : "approve-car-order",
    "type" : "com.sap.application.content",
    "path" : "approve-car-order",
    "properties" : { },
    "parameters" : { },
    "requiredDependencies" : [ {
      "majorSchemaVersion" : 3,
      "name" : "wm_workflow",
      "properties" : { },
      "parameters" : {
        "content-target" : true
      },
      "propertiesMetadata" : {
        "metadata" : { }
      },
      "parametersMetadata" : {
        "metadata" : { }
      }
    } ],
    "providedDependencies" : [ {
      "majorSchemaVersion" : 3,
      "name" : "approve-car-order",
      "isPublic" : false,
      "properties" : { },
      "parameters" : { },
      "propertiesMetadata" : {
        "metadata" : { }
      },
      "parametersMetadata" : {
        "metadata" : { }
      }
    } ],
    "propertiesMetadata" : {
      "metadata" : { }
    },
    "parametersMetadata" : {
      "metadata" : { }
    },
    "hooks" : [ ]
  } ],
  "resources" : [ {
    "majorSchemaVersion" : 3,
    "name" : "wm_workflow",
    "type" : "org.cloudfoundry.managed-service",
    "properties" : { },
    "parameters" : {
      "service-plan" : "lite",
      "type" : "managed-service",
      "service" : "workflow"
    },
    "isActive" : true,
    "isOptional" : false,
    "propertiesMetadata" : {
      "metadata" : { }
    },
    "parametersMetadata" : {
      "metadata" : { }
    },
    "requiredDependencies" : [ ]
  } ],
  "parameters" : { },
  "parametersMetadata" : {
    "metadata" : { }
  }
}#

#2.0#2023 02 04 13:29:10.470#Z#DEBUG#com.sap.cloud.lm.sl.xs2.e82ac8e3-a48f-11ed-af52-eeee0a9ffff7.OPERATION.mergeDescriptorsTask#
######org.cloudfoundry.multiapps.controller.persistence.services.ProcessLogger########flowable-async-job-executor-thread-742###
[MergeDescriptorsStep] Descriptors validated and merged#

#2.0#2023 02 04 13:29:10.470#Z#DEBUG#com.sap.cloud.lm.sl.xs2.e82ac8e3-a48f-11ed-af52-eeee0a9ffff7.OPERATION.mergeDescriptorsTask#
######org.cloudfoundry.multiapps.controller.persistence.services.ProcessLogger########flowable-async-job-executor-thread-742###
Step "Merge Descriptors" finished#

#2.0#2023 02 04 13:29:10.512#Z#DEBUG#com.sap.cloud.lm.sl.xs2.e82ac8e3-a48f-11ed-af52-eeee0a9ffff7.OPERATION.detectDeployedMtaTask#
######org.cloudfoundry.multiapps.controller.persistence.services.ProcessLogger########flowable-async-job-executor-thread-743###
[DetectDeployedMtaStep] Executing task "detectDeployedMtaTask" of process "e82ac903-a48f-11ed-af52-eeee0a9ffff7"...#

#2.0#2023 02 04 13:29:10.514#Z#DEBUG#com.sap.cloud.lm.sl.xs2.e82ac8e3-a48f-11ed-af52-eeee0a9ffff7.OPERATION.detectDeployedMtaTask#
######org.cloudfoundry.multiapps.controller.persistence.services.ProcessLogger########flowable-async-job-executor-thread-743###
[DetectDeployedMtaStep] Detecting deployed MTA...#

#2.0#2023 02 04 13:29:10.580#Z#DEBUG#com.sap.cloud.lm.sl.xs2.e82ac8e3-a48f-11ed-af52-eeee0a9ffff7.OPERATION.detectDeployedMtaTask#
######org.cloudfoundry.multiapps.controller.persistence.services.ProcessLogger########flowable-async-job-executor-thread-743###
[DetectDeployedMtaStep] Detecting MTA by id wfm-car-order and namespace null#

#2.0#2023 02 04 13:29:10.580#Z#DEBUG#com.sap.cloud.lm.sl.xs2.e82ac8e3-a48f-11ed-af52-eeee0a9ffff7.OPERATION.detectDeployedMtaTask#
######org.cloudfoundry.multiapps.controller.persistence.services.ProcessLogger########flowable-async-job-executor-thread-743###
[DetectDeployedMtaStep] Getting applications by metadata label selector "mta_id=3a6bc88d1822bfbc20ff8bcb0fa0f329,!mta_namespace"...#

#2.0#2023 02 04 13:29:10.630#Z#DEBUG#com.sap.cloud.lm.sl.xs2.e82ac8e3-a48f-11ed-af52-eeee0a9ffff7.OPERATION.detectDeployedMtaTask#
######org.cloudfoundry.multiapps.controller.persistence.services.ProcessLogger########flowable-async-job-executor-thread-743###
[DetectDeployedMtaStep] Getting service instances by metadata label selector "mta_id=3a6bc88d1822bfbc20ff8bcb0fa0f329,!mta_namespace"...#

#2.0#2023 02 04 13:29:10.746#Z#DEBUG#com.sap.cloud.lm.sl.xs2.e82ac8e3-a48f-11ed-af52-eeee0a9ffff7.OPERATION.detectDeployedMtaTask#
######org.cloudfoundry.multiapps.controller.persistence.services.ProcessLogger########flowable-async-job-executor-thread-743###
[DetectDeployedMtaStep] Deployed MTA: {
  "metadata" : {
    "id" : "wfm-car-order",
    "version" : "0.0.1"
  },
  "applications" : [ ],
  "services" : [ {
    "name" : "wm_workflow",
    "metadata" : {
      "guid" : "bc907f85-e19b-45e3-8823-d14324f35aaa",
      "createdAt" : [ 2023, 2, 4, 10, 42, 16 ],
      "updatedAt" : [ 2023, 2, 4, 10, 42, 25 ]
    },
    "v3Metadata" : {
      "annotations" : {
        "mta_id" : "wfm-car-order",
        "mta_version" : "0.0.1",
        "mta_resource" : "{\"name\":\"wm_workflow\"}"
      },
      "labels" : {
        "mta_id" : "3a6bc88d1822bfbc20ff8bcb0fa0f329"
      }
    },
    "label" : "workflow",
    "plan" : "lite",
    "credentials" : "********",
    "tags" : [ ],
    "type" : "managed",
    "lastOperation" : {
      "type" : "UPDATE",
      "description" : "",
      "state" : "SUCCEEDED"
    },
    "resourceName" : "wm_workflow"
  } ]
}#

#2.0#2023 02 04 13:29:10.746#Z#INFO#com.sap.cloud.lm.sl.xs2.e82ac8e3-a48f-11ed-af52-eeee0a9ffff7.OPERATION.detectDeployedMtaTask#
######org.cloudfoundry.multiapps.controller.persistence.services.ProcessLogger########flowable-async-job-executor-thread-743###
[DetectDeployedMtaStep] Detected deployed MTA with ID "wfm-car-order" and version "0.0.1"#

#2.0#2023 02 04 13:29:10.835#Z#DEBUG#com.sap.cloud.lm.sl.xs2.e82ac8e3-a48f-11ed-af52-eeee0a9ffff7.OPERATION.detectDeployedMtaTask#
######org.cloudfoundry.multiapps.controller.persistence.services.ProcessLogger########flowable-async-job-executor-thread-743###
[DetectDeployedMtaStep] Deployed MTA service keys: [ {
  "name" : "********",
  "metadata" : {
    "guid" : "ca7cf763-faf3-4823-9ac9-70c42b7736b6",
    "createdAt" : [ 2023, 2, 4, 12, 31, 17 ],
    "updatedAt" : [ 2023, 2, 4, 12, 31, 18 ]
  },
  "v3Metadata" : {
    "annotations" : {
      "mta_id" : "wfm-car-order",
      "mta_version" : "0.0.1"
    },
    "labels" : {
      "mta_id" : "3a6bc88d1822bfbc20ff8bcb0fa0f329",
      "space_guid" : "e38185d9-bfbb-4236-94e5-945973784424"
    }
  },
  "serviceInstance" : {
    "name" : "wm_workflow",
    "metadata" : {
      "guid" : "bc907f85-e19b-45e3-8823-d14324f35aaa",
      "createdAt" : [ 2023, 2, 4, 10, 42, 16 ],
      "updatedAt" : [ 2023, 2, 4, 10, 42, 25 ]
    },
    "v3Metadata" : {
      "annotations" : {
        "mta_id" : "wfm-car-order",
        "mta_version" : "0.0.1",
        "mta_resource" : "{\"name\":\"wm_workflow\"}"
      },
      "labels" : {
        "mta_id" : "3a6bc88d1822bfbc20ff8bcb0fa0f329"
      }
    },
    "label" : "workflow",
    "plan" : "lite",
    "credentials" : "********",
    "tags" : [ ],
    "type" : "managed",
    "lastOperation" : {
      "type" : "UPDATE",
      "description" : "",
      "state" : "SUCCEEDED"
    },
    "resourceName" : "wm_workflow"
  },
  "resourceName" : "wm_workflow"
} ]#

#2.0#2023 02 04 13:29:10.835#Z#DEBUG#com.sap.cloud.lm.sl.xs2.e82ac8e3-a48f-11ed-af52-eeee0a9ffff7.OPERATION.detectDeployedMtaTask#
######org.cloudfoundry.multiapps.controller.persistence.services.ProcessLogger########flowable-async-job-executor-thread-743###
Step "Detect Deployed MTA" finished#

#2.0#2023 02 04 13:29:10.882#Z#DEBUG#com.sap.cloud.lm.sl.xs2.e82ac8e3-a48f-11ed-af52-eeee0a9ffff7.OPERATION.collectSystemParametersTask#
######org.cloudfoundry.multiapps.controller.persistence.services.ProcessLogger########flowable-async-job-executor-thread-744###
[CollectSystemParametersStep] Executing task "collectSystemParametersTask" of process "e82ac903-a48f-11ed-af52-eeee0a9ffff7"...#

#2.0#2023 02 04 13:29:10.883#Z#DEBUG#com.sap.cloud.lm.sl.xs2.e82ac8e3-a48f-11ed-af52-eeee0a9ffff7.OPERATION.collectSystemParametersTask#
######org.cloudfoundry.multiapps.controller.persistence.services.ProcessLogger########flowable-async-job-executor-thread-744###
[CollectSystemParametersStep] Collecting system parameters...#

#2.0#2023 02 04 13:29:10.883#Z#DEBUG#com.sap.cloud.lm.sl.xs2.e82ac8e3-a48f-11ed-af52-eeee0a9ffff7.OPERATION.collectSystemParametersTask#
######org.cloudfoundry.multiapps.controller.persistence.services.ProcessLogger########flowable-async-job-executor-thread-744###
[CollectSystemParametersStep] Getting default domain...#

#2.0#2023 02 04 13:29:10.927#Z#DEBUG#com.sap.cloud.lm.sl.xs2.e82ac8e3-a48f-11ed-af52-eeee0a9ffff7.OPERATION.collectSystemParametersTask#
######org.cloudfoundry.multiapps.controller.persistence.services.ProcessLogger########flowable-async-job-executor-thread-744###
[CollectSystemParametersStep] Default domain: cfapps.us10-001.hana.ondemand.com#

#2.0#2023 02 04 13:29:10.927#Z#DEBUG#com.sap.cloud.lm.sl.xs2.e82ac8e3-a48f-11ed-af52-eeee0a9ffff7.OPERATION.collectSystemParametersTask#
######org.cloudfoundry.multiapps.controller.persistence.services.ProcessLogger########flowable-async-job-executor-thread-744###
[CollectSystemParametersStep] Checking for overwriting read-only parameters for mta with id: "wfm-car-order"#

#2.0#2023 02 04 13:29:10.927#Z#DEBUG#com.sap.cloud.lm.sl.xs2.e82ac8e3-a48f-11ed-af52-eeee0a9ffff7.OPERATION.collectSystemParametersTask#
######org.cloudfoundry.multiapps.controller.persistence.services.ProcessLogger########flowable-async-job-executor-thread-744###
[CollectSystemParametersStep] No read-only parameters are overwritten#

#2.0#2023 02 04 13:29:10.941#Z#DEBUG#com.sap.cloud.lm.sl.xs2.e82ac8e3-a48f-11ed-af52-eeee0a9ffff7.OPERATION.collectSystemParametersTask#
######org.cloudfoundry.multiapps.controller.persistence.services.ProcessLogger########flowable-async-job-executor-thread-744###
[CollectSystemParametersStep] Descriptor with system parameters: {
  "majorSchemaVersion" : 3,
  "schemaVersion" : "3.2.0",
  "id" : "wfm-car-order",
  "version" : "0.0.1",
  "modules" : [ {
    "majorSchemaVersion" : 3,
    "name" : "approve-car-order",
    "type" : "com.sap.application.content",
    "path" : "approve-car-order",
    "properties" : { },
    "parameters" : {
      "default-url" : "${protocol}://${default-uri}",
      "default-app-name" : "approve-car-order",
      "generated-password" : "********",
      "default-uri" : "${host}.${domain}",
      "default-instances" : 1,
      "instances" : "${default-instances}",
      "default-host" : "305d4149trial-dev-approve-car-order",
      "app-name" : "${default-app-name}",
      "protocol" : "https",
      "domain" : "${default-domain}",
      "host" : "${default-host}",
      "generated-user" : "********",
      "timestamp" : "20230204132910"
    },
    "requiredDependencies" : [ {
      "majorSchemaVersion" : 3,
      "name" : "wm_workflow",
      "properties" : { },
      "parameters" : {
        "content-target" : true
      },
      "propertiesMetadata" : {
        "metadata" : { }
      },
      "parametersMetadata" : {
        "metadata" : { }
      }
    } ],
    "providedDependencies" : [ {
      "majorSchemaVersion" : 3,
      "name" : "approve-car-order",
      "isPublic" : false,
      "properties" : { },
      "parameters" : { },
      "propertiesMetadata" : {
        "metadata" : { }
      },
      "parametersMetadata" : {
        "metadata" : { }
      }
    } ],
    "propertiesMetadata" : {
      "metadata" : { }
    },
    "parametersMetadata" : {
      "metadata" : { }
    },
    "hooks" : [ ]
  } ],
  "resources" : [ {
    "majorSchemaVersion" : 3,
    "name" : "wm_workflow",
    "type" : "org.cloudfoundry.managed-service",
    "properties" : { },
    "parameters" : {
      "generated-password" : "********",
      "service-name" : "${default-service-name}",
      "service-plan" : "lite",
      "service" : "workflow",
      "generated-user" : "********",
      "default-xsappname" : "wm_workflow",
      "type" : "managed-service",
      "default-service-name" : "wm_workflow",
      "default-container-name" : "305D4149TRIAL_DEV_WM_WORKFLOW"
    },
    "isActive" : true,
    "isOptional" : false,
    "propertiesMetadata" : {
      "metadata" : { }
    },
    "parametersMetadata" : {
      "metadata" : { }
    },
    "requiredDependencies" : [ ]
  } ],
  "parameters" : {
    "authorization-url" : "********",
    "org-guid" : "c531a322-5044-4ca9-ae31-4d6a8da5d027",
    "org" : "305d4149trial",
    "deploy-target" : "305d4149trial dev",
    "space" : "dev",
    "xs-api-url" : "https://api.cf.us10-001.hana.ondemand.com",
    "deploy-url" : "deploy-service.cfapps.us10-001.hana.ondemand.com",
    "xs-type" : "CF",
    "default-domain" : "cfapps.us10-001.hana.ondemand.com",
    "xs-auth-url" : "********",
    "space-guid" : "e38185d9-bfbb-4236-94e5-945973784424",
    "user" : "********",
    "controller-url" : "https://api.cf.us10-001.hana.ondemand.com"
  },
  "parametersMetadata" : {
    "metadata" : { }
  }
}#

#2.0#2023 02 04 13:29:10.943#Z#DEBUG#com.sap.cloud.lm.sl.xs2.e82ac8e3-a48f-11ed-af52-eeee0a9ffff7.OPERATION.collectSystemParametersTask#
######org.cloudfoundry.multiapps.controller.persistence.services.ProcessLogger########flowable-async-job-executor-thread-744###
[CollectSystemParametersStep] Version rule: SAME_HIGHER#

#2.0#2023 02 04 13:29:10.943#Z#INFO#com.sap.cloud.lm.sl.xs2.e82ac8e3-a48f-11ed-af52-eeee0a9ffff7.OPERATION.collectSystemParametersTask#
######org.cloudfoundry.multiapps.controller.persistence.services.ProcessLogger########flowable-async-job-executor-thread-744###
[CollectSystemParametersStep] Detected new MTA version: "0.0.1"#

#2.0#2023 02 04 13:29:10.949#Z#INFO#com.sap.cloud.lm.sl.xs2.e82ac8e3-a48f-11ed-af52-eeee0a9ffff7.OPERATION.collectSystemParametersTask#
######org.cloudfoundry.multiapps.controller.persistence.services.ProcessLogger########flowable-async-job-executor-thread-744###
[CollectSystemParametersStep] Deployed MTA version: "0.0.1"#

#2.0#2023 02 04 13:29:10.954#Z#DEBUG#com.sap.cloud.lm.sl.xs2.e82ac8e3-a48f-11ed-af52-eeee0a9ffff7.OPERATION.collectSystemParametersTask#
######org.cloudfoundry.multiapps.controller.persistence.services.ProcessLogger########flowable-async-job-executor-thread-744###
[CollectSystemParametersStep] MTA accepted for deployment#

#2.0#2023 02 04 13:29:10.954#Z#DEBUG#com.sap.cloud.lm.sl.xs2.e82ac8e3-a48f-11ed-af52-eeee0a9ffff7.OPERATION.collectSystemParametersTask#
######org.cloudfoundry.multiapps.controller.persistence.services.ProcessLogger########flowable-async-job-executor-thread-744###
[CollectSystemParametersStep] System parameters collected#

#2.0#2023 02 04 13:29:10.954#Z#DEBUG#com.sap.cloud.lm.sl.xs2.e82ac8e3-a48f-11ed-af52-eeee0a9ffff7.OPERATION.collectSystemParametersTask#
######org.cloudfoundry.multiapps.controller.persistence.services.ProcessLogger########flowable-async-job-executor-thread-744###
Step "Collect System Parameters" finished#

#2.0#2023 02 04 13:29:10.998#Z#DEBUG#com.sap.cloud.lm.sl.xs2.e82ac8e3-a48f-11ed-af52-eeee0a9ffff7.OPERATION.processDescriptorTask#
######org.cloudfoundry.multiapps.controller.persistence.services.ProcessLogger########flowable-async-job-executor-thread-737###
[ProcessDescriptorStep] Executing task "processDescriptorTask" of process "e82ac903-a48f-11ed-af52-eeee0a9ffff7"...#

#2.0#2023 02 04 13:29:10.999#Z#DEBUG#com.sap.cloud.lm.sl.xs2.e82ac8e3-a48f-11ed-af52-eeee0a9ffff7.OPERATION.processDescriptorTask#
######org.cloudfoundry.multiapps.controller.persistence.services.ProcessLogger########flowable-async-job-executor-thread-737###
[ProcessDescriptorStep] Resolving properties and parameters in merged descriptor...#

#2.0#2023 02 04 13:29:11.000#Z#DEBUG#com.sap.cloud.lm.sl.xs2.e82ac8e3-a48f-11ed-af52-eeee0a9ffff7.OPERATION.processDescriptorTask#
######org.cloudfoundry.multiapps.controller.persistence.services.ProcessLogger########flowable-async-job-executor-thread-737###
[ProcessDescriptorStep] Subscriptions: [ ]#

#2.0#2023 02 04 13:29:11.000#Z#DEBUG#com.sap.cloud.lm.sl.xs2.e82ac8e3-a48f-11ed-af52-eeee0a9ffff7.OPERATION.processDescriptorTask#
######org.cloudfoundry.multiapps.controller.persistence.services.ProcessLogger########flowable-async-job-executor-thread-737###
[ProcessDescriptorStep] MTA Modules: [approve-car-order]#

#2.0#2023 02 04 13:29:11.001#Z#DEBUG#com.sap.cloud.lm.sl.xs2.e82ac8e3-a48f-11ed-af52-eeee0a9ffff7.OPERATION.processDescriptorTask#
######org.cloudfoundry.multiapps.controller.persistence.services.ProcessLogger########flowable-async-job-executor-thread-737###
[ProcessDescriptorStep] Resolved deployment descriptor: {
  "majorSchemaVersion" : 3,
  "schemaVersion" : "3.2.0",
  "id" : "wfm-car-order",
  "version" : "0.0.1",
  "modules" : [ {
    "majorSchemaVersion" : 3,
    "name" : "approve-car-order",
    "type" : "com.sap.application.content",
    "path" : "approve-car-order",
    "properties" : { },
    "parameters" : {
      "default-url" : "https://305d4149trial-dev-approve-car-order.cfapps.us10-001.hana.ondemand.com",
      "default-app-name" : "approve-car-order",
      "generated-password" : "********",
      "default-uri" : "305d4149trial-dev-approve-car-order.cfapps.us10-001.hana.ondemand.com",
      "default-instances" : 1,
      "instances" : 1,
      "default-host" : "305d4149trial-dev-approve-car-order",
      "app-name" : "approve-car-order",
      "protocol" : "https",
      "domain" : "cfapps.us10-001.hana.ondemand.com",
      "host" : "305d4149trial-dev-approve-car-order",
      "generated-user" : "********",
      "timestamp" : "20230204132910"
    },
    "requiredDependencies" : [ {
      "majorSchemaVersion" : 3,
      "name" : "wm_workflow",
      "properties" : { },
      "parameters" : {
        "content-target" : true
      },
      "propertiesMetadata" : {
        "metadata" : { }
      },
      "parametersMetadata" : {
        "metadata" : { }
      }
    } ],
    "providedDependencies" : [ {
      "majorSchemaVersion" : 3,
      "name" : "approve-car-order",
      "isPublic" : false,
      "properties" : { },
      "parameters" : { },
      "propertiesMetadata" : {
        "metadata" : { }
      },
      "parametersMetadata" : {
        "metadata" : { }
      }
    } ],
    "propertiesMetadata" : {
      "metadata" : { }
    },
    "parametersMetadata" : {
      "metadata" : { }
    },
    "hooks" : [ ]
  } ],
  "resources" : [ {
    "majorSchemaVersion" : 3,
    "name" : "wm_workflow",
    "type" : "org.cloudfoundry.managed-service",
    "properties" : { },
    "parameters" : {
      "generated-password" : "********",
      "service-name" : "wm_workflow",
      "service-plan" : "lite",
      "service" : "workflow",
      "generated-user" : "********",
      "default-xsappname" : "wm_workflow",
      "type" : "managed-service",
      "default-service-name" : "wm_workflow",
      "default-container-name" : "305D4149TRIAL_DEV_WM_WORKFLOW"
    },
    "isActive" : true,
    "isOptional" : false,
    "propertiesMetadata" : {
      "metadata" : { }
    },
    "parametersMetadata" : {
      "metadata" : { }
    },
    "requiredDependencies" : [ ]
  } ],
  "parameters" : {
    "authorization-url" : "********",
    "org-guid" : "c531a322-5044-4ca9-ae31-4d6a8da5d027",
    "org" : "305d4149trial",
    "deploy-target" : "305d4149trial dev",
    "space" : "dev",
    "xs-api-url" : "https://api.cf.us10-001.hana.ondemand.com",
    "deploy-url" : "deploy-service.cfapps.us10-001.hana.ondemand.com",
    "xs-type" : "CF",
    "default-domain" : "cfapps.us10-001.hana.ondemand.com",
    "xs-auth-url" : "********",
    "space-guid" : "e38185d9-bfbb-4236-94e5-945973784424",
    "user" : "********",
    "controller-url" : "https://api.cf.us10-001.hana.ondemand.com"
  },
  "parametersMetadata" : {
    "metadata" : { }
  }
}#

#2.0#2023 02 04 13:29:11.001#Z#DEBUG#com.sap.cloud.lm.sl.xs2.e82ac8e3-a48f-11ed-af52-eeee0a9ffff7.OPERATION.processDescriptorTask#
######org.cloudfoundry.multiapps.controller.persistence.services.ProcessLogger########flowable-async-job-executor-thread-737###
[ProcessDescriptorStep] Merged descriptor properties and parameters resolved#

#2.0#2023 02 04 13:29:11.001#Z#DEBUG#com.sap.cloud.lm.sl.xs2.e82ac8e3-a48f-11ed-af52-eeee0a9ffff7.OPERATION.processDescriptorTask#
######org.cloudfoundry.multiapps.controller.persistence.services.ProcessLogger########flowable-async-job-executor-thread-737###
Step "Process Descriptor Step" finished#

#2.0#2023 02 04 13:29:11.049#Z#DEBUG#com.sap.cloud.lm.sl.xs2.e82ac8e3-a48f-11ed-af52-eeee0a9ffff7.OPERATION.buildDeployModelTask#
######org.cloudfoundry.multiapps.controller.persistence.services.ProcessLogger########flowable-async-job-executor-thread-738###
[XS2BuildCloudDeployModelStep] Executing task "buildDeployModelTask" of process "e82ac903-a48f-11ed-af52-eeee0a9ffff7"...#

#2.0#2023 02 04 13:29:11.051#Z#DEBUG#com.sap.cloud.lm.sl.xs2.e82ac8e3-a48f-11ed-af52-eeee0a9ffff7.OPERATION.buildDeployModelTask#
######org.cloudfoundry.multiapps.controller.persistence.services.ProcessLogger########flowable-async-job-executor-thread-738###
[XS2BuildCloudDeployModelStep] Service keys defined for content deployment grouped by service name: {
  "wm_workflow" : [ {
    "name" : "********",
    "v3Metadata" : {
      "annotations" : {
        "mta_id" : "wfm-car-order",
        "mta_version" : "0.0.1"
      },
      "labels" : {
        "mta_id" : "3a6bc88d1822bfbc20ff8bcb0fa0f329",
        "space_guid" : "e38185d9-bfbb-4236-94e5-945973784424"
      }
    },
    "credentials" : "********",
    "moduleName" : "approve-car-order",
    "resourceName" : "wm_workflow",
    "serviceInstance" : {
      "isOptional" : false,
      "isManaged" : false,
      "name" : "wm_workflow",
      "credentials" : "********",
      "tags" : [ ],
      "shouldSkipParametersUpdate" : false,
      "shouldSkipPlanUpdate" : false,
      "shouldSkipTagsUpdate" : false,
      "shouldSkipSyslogUrlUpdate" : false
    }
  } ]
}#

#2.0#2023 02 04 13:29:11.051#Z#DEBUG#com.sap.cloud.lm.sl.xs2.e82ac8e3-a48f-11ed-af52-eeee0a9ffff7.OPERATION.buildDeployModelTask#
######org.cloudfoundry.multiapps.controller.persistence.services.ProcessLogger########flowable-async-job-executor-thread-738###
[XS2BuildCloudDeployModelStep] Building cloud deployment model...#

#2.0#2023 02 04 13:29:11.054#Z#DEBUG#com.sap.cloud.lm.sl.xs2.e82ac8e3-a48f-11ed-af52-eeee0a9ffff7.OPERATION.buildDeployModelTask#
######org.cloudfoundry.multiapps.controller.persistence.services.ProcessLogger########flowable-async-job-executor-thread-738###
[XS2BuildCloudDeployModelStep] MTA archive modules: [approve-car-order]#

#2.0#2023 02 04 13:29:11.054#Z#DEBUG#com.sap.cloud.lm.sl.xs2.e82ac8e3-a48f-11ed-af52-eeee0a9ffff7.OPERATION.buildDeployModelTask#
######org.cloudfoundry.multiapps.controller.persistence.services.ProcessLogger########flowable-async-job-executor-thread-738###
[XS2BuildCloudDeployModelStep] Deployed modules: []#

#2.0#2023 02 04 13:29:11.055#Z#DEBUG#com.sap.cloud.lm.sl.xs2.e82ac8e3-a48f-11ed-af52-eeee0a9ffff7.OPERATION.buildDeployModelTask#
######org.cloudfoundry.multiapps.controller.persistence.services.ProcessLogger########flowable-async-job-executor-thread-738###
[XS2BuildCloudDeployModelStep] MTA modules: [approve-car-order]#

#2.0#2023 02 04 13:29:11.055#Z#DEBUG#com.sap.cloud.lm.sl.xs2.e82ac8e3-a48f-11ed-af52-eeee0a9ffff7.OPERATION.buildDeployModelTask#
######org.cloudfoundry.multiapps.controller.persistence.services.ProcessLogger########flowable-async-job-executor-thread-738###
[XS2BuildCloudDeployModelStep] Service keys to create: {
  "wm_workflow" : [ ]
}#

#2.0#2023 02 04 13:29:11.056#Z#DEBUG#com.sap.cloud.lm.sl.xs2.e82ac8e3-a48f-11ed-af52-eeee0a9ffff7.OPERATION.buildDeployModelTask#
######org.cloudfoundry.multiapps.controller.persistence.services.ProcessLogger########flowable-async-job-executor-thread-738###
[XS2BuildCloudDeployModelStep] Modules to deploy: [{
  "majorSchemaVersion" : 3,
  "name" : "approve-car-order",
  "type" : "com.sap.application.content",
  "path" : "approve-car-order",
  "properties" : { },
  "parameters" : {
    "default-url" : "https://305d4149trial-dev-approve-car-order.cfapps.us10-001.hana.ondemand.com",
    "default-app-name" : "approve-car-order",
    "generated-password" : "********",
    "default-uri" : "305d4149trial-dev-approve-car-order.cfapps.us10-001.hana.ondemand.com",
    "default-instances" : 1,
    "instances" : 1,
    "default-host" : "305d4149trial-dev-approve-car-order",
    "app-name" : "approve-car-order",
    "protocol" : "https",
    "dependency-type" : "soft",
    "domain" : "cfapps.us10-001.hana.ondemand.com",
    "host" : "305d4149trial-dev-approve-car-order",
    "generated-user" : "********",
    "timestamp" : "20230204132910"
  },
  "requiredDependencies" : [ {
    "majorSchemaVersion" : 3,
    "name" : "wm_workflow",
    "properties" : { },
    "parameters" : {
      "content-target" : true
    },
    "propertiesMetadata" : {
      "metadata" : { }
    },
    "parametersMetadata" : {
      "metadata" : { }
    }
  } ],
  "providedDependencies" : [ {
    "majorSchemaVersion" : 3,
    "name" : "approve-car-order",
    "isPublic" : false,
    "properties" : { },
    "parameters" : { },
    "propertiesMetadata" : {
      "metadata" : { }
    },
    "parametersMetadata" : {
      "metadata" : { }
    }
  } ],
  "propertiesMetadata" : {
    "metadata" : { }
  },
  "parametersMetadata" : {
    "metadata" : { }
  },
  "hooks" : [ ]
}]#

#2.0#2023 02 04 13:29:11.056#Z#DEBUG#com.sap.cloud.lm.sl.xs2.e82ac8e3-a48f-11ed-af52-eeee0a9ffff7.OPERATION.buildDeployModelTask#
######org.cloudfoundry.multiapps.controller.persistence.services.ProcessLogger########flowable-async-job-executor-thread-738###
[XS2BuildCloudDeployModelStep] Custom domains: []#

#2.0#2023 02 04 13:29:11.056#Z#DEBUG#com.sap.cloud.lm.sl.xs2.e82ac8e3-a48f-11ed-af52-eeee0a9ffff7.OPERATION.buildDeployModelTask#
######org.cloudfoundry.multiapps.controller.persistence.services.ProcessLogger########flowable-async-job-executor-thread-738###
[XS2BuildCloudDeployModelStep] Detecting service keys to delete.#

#2.0#2023 02 04 13:29:11.058#Z#DEBUG#com.sap.cloud.lm.sl.xs2.e82ac8e3-a48f-11ed-af52-eeee0a9ffff7.OPERATION.buildDeployModelTask#
######org.cloudfoundry.multiapps.controller.persistence.services.ProcessLogger########flowable-async-job-executor-thread-738###
[XS2BuildCloudDeployModelStep] Detected deployed service keys by service "{wm_workflow=[DeployedMtaServiceKey{name=approve-car-order-wm_workflow-credentials, metadata=CloudMetadata{guid=ca7cf763-faf3-4823-9ac9-70c42b7736b6, createdAt=2023-02-04T12:31:17, updatedAt=2023-02-04T12:31:18, url=null}, v3Metadata=Metadata{annotations={mta_id=wfm-car-order, mta_version=0.0.1}, labels={mta_id=3a6bc88d1822bfbc20ff8bcb0fa0f329, space_guid=e38185d9-bfbb-4236-94e5-945973784424}}, credentials=null, serviceInstance=CloudServiceInstance{name=wm_workflow, metadata=CloudMetadata{guid=bc907f85-e19b-45e3-8823-d14324f35aaa, createdAt=2023-02-04T10:42:16, updatedAt=2023-02-04T10:42:25, url=null}, v3Metadata=Metadata{annotations={mta_id=wfm-car-order, mta_version=0.0.1, mta_resource={"name":"wm_workflow"}}, labels={mta_id=3a6bc88d1822bfbc20ff8bcb0fa0f329}}, label=workflow, plan=lite, provider=null, broker=null, version=null, credentials={}, syslogDrainUrl=null, tags=[], type=managed, lastOperation=update succeeded}, resourceName=wm_workflow}]}"#

#2.0#2023 02 04 13:29:11.058#Z#DEBUG#com.sap.cloud.lm.sl.xs2.e82ac8e3-a48f-11ed-af52-eeee0a9ffff7.OPERATION.buildDeployModelTask#
######org.cloudfoundry.multiapps.controller.persistence.services.ProcessLogger########flowable-async-job-executor-thread-738###
[XS2BuildCloudDeployModelStep] New service keys by service "{wm_workflow=[approve-car-order-wm_workflow-credentials]}"#

#2.0#2023 02 04 13:29:11.058#Z#DEBUG#com.sap.cloud.lm.sl.xs2.e82ac8e3-a48f-11ed-af52-eeee0a9ffff7.OPERATION.buildDeployModelTask#
######org.cloudfoundry.multiapps.controller.persistence.services.ProcessLogger########flowable-async-job-executor-thread-738###
[XS2BuildCloudDeployModelStep] Existing service keys by service "{}"#

#2.0#2023 02 04 13:29:11.058#Z#DEBUG#com.sap.cloud.lm.sl.xs2.e82ac8e3-a48f-11ed-af52-eeee0a9ffff7.OPERATION.buildDeployModelTask#
######org.cloudfoundry.multiapps.controller.persistence.services.ProcessLogger########flowable-async-job-executor-thread-738###
[XS2BuildCloudDeployModelStep] Detected service keys to delete "[]"#

#2.0#2023 02 04 13:29:11.058#Z#DEBUG#com.sap.cloud.lm.sl.xs2.e82ac8e3-a48f-11ed-af52-eeee0a9ffff7.OPERATION.buildDeployModelTask#
######org.cloudfoundry.multiapps.controller.persistence.services.ProcessLogger########flowable-async-job-executor-thread-738###
[XS2BuildCloudDeployModelStep] Calculating resource batches...#

#2.0#2023 02 04 13:29:11.059#Z#DEBUG#com.sap.cloud.lm.sl.xs2.e82ac8e3-a48f-11ed-af52-eeee0a9ffff7.OPERATION.buildDeployModelTask#
######org.cloudfoundry.multiapps.controller.persistence.services.ProcessLogger########flowable-async-job-executor-thread-738###
[XS2BuildCloudDeployModelStep] Calculating resource batches completed.#

#2.0#2023 02 04 13:29:11.059#Z#DEBUG#com.sap.cloud.lm.sl.xs2.e82ac8e3-a48f-11ed-af52-eeee0a9ffff7.OPERATION.buildDeployModelTask#
######org.cloudfoundry.multiapps.controller.persistence.services.ProcessLogger########flowable-async-job-executor-thread-738###
[XS2BuildCloudDeployModelStep] Cloud deployment model built#

#2.0#2023 02 04 13:29:11.059#Z#DEBUG#com.sap.cloud.lm.sl.xs2.e82ac8e3-a48f-11ed-af52-eeee0a9ffff7.OPERATION.buildDeployModelTask#
######org.cloudfoundry.multiapps.controller.persistence.services.ProcessLogger########flowable-async-job-executor-thread-738###
Step "Build Deploy Model" finished#

#2.0#2023 02 04 13:29:11.109#Z#DEBUG#com.sap.cloud.lm.sl.xs2.e82ac8e3-a48f-11ed-af52-eeee0a9ffff7.OPERATION.buildUndeployModelTask#
######org.cloudfoundry.multiapps.controller.persistence.services.ProcessLogger########flowable-async-job-executor-thread-739###
[BuildCloudUndeployModelStep] Executing task "buildUndeployModelTask" of process "e82ac903-a48f-11ed-af52-eeee0a9ffff7"...#

#2.0#2023 02 04 13:29:11.111#Z#DEBUG#com.sap.cloud.lm.sl.xs2.e82ac8e3-a48f-11ed-af52-eeee0a9ffff7.OPERATION.buildUndeployModelTask#
######org.cloudfoundry.multiapps.controller.persistence.services.ProcessLogger########flowable-async-job-executor-thread-739###
[BuildCloudUndeployModelStep] Building cloud undeployment model...#

#2.0#2023 02 04 13:29:11.117#Z#DEBUG#com.sap.cloud.lm.sl.xs2.e82ac8e3-a48f-11ed-af52-eeee0a9ffff7.OPERATION.buildUndeployModelTask#
######org.cloudfoundry.multiapps.controller.persistence.services.ProcessLogger########flowable-async-job-executor-thread-739###
[BuildCloudUndeployModelStep] MTA modules: [approve-car-order]#

#2.0#2023 02 04 13:29:11.117#Z#DEBUG#com.sap.cloud.lm.sl.xs2.e82ac8e3-a48f-11ed-af52-eeee0a9ffff7.OPERATION.buildUndeployModelTask#
######org.cloudfoundry.multiapps.controller.persistence.services.ProcessLogger########flowable-async-job-executor-thread-739###
[BuildCloudUndeployModelStep] Modules to undeploy: [ ]#

#2.0#2023 02 04 13:29:11.117#Z#DEBUG#com.sap.cloud.lm.sl.xs2.e82ac8e3-a48f-11ed-af52-eeee0a9ffff7.OPERATION.buildUndeployModelTask#
######org.cloudfoundry.multiapps.controller.persistence.services.ProcessLogger########flowable-async-job-executor-thread-739###
[BuildCloudUndeployModelStep] Modules that wont be changed: {0}#

#2.0#2023 02 04 13:29:11.119#Z#DEBUG#com.sap.cloud.lm.sl.xs2.e82ac8e3-a48f-11ed-af52-eeee0a9ffff7.OPERATION.buildUndeployModelTask#
######org.cloudfoundry.multiapps.controller.persistence.services.ProcessLogger########flowable-async-job-executor-thread-739###
[BuildCloudUndeployModelStep] Subscriptions to delete: [ ]#

#2.0#2023 02 04 13:29:11.120#Z#DEBUG#com.sap.cloud.lm.sl.xs2.e82ac8e3-a48f-11ed-af52-eeee0a9ffff7.OPERATION.buildUndeployModelTask#
######org.cloudfoundry.multiapps.controller.persistence.services.ProcessLogger########flowable-async-job-executor-thread-739###
[BuildCloudUndeployModelStep] Cloud services to delete: []#

#2.0#2023 02 04 13:29:11.121#Z#DEBUG#com.sap.cloud.lm.sl.xs2.e82ac8e3-a48f-11ed-af52-eeee0a9ffff7.OPERATION.buildUndeployModelTask#
######org.cloudfoundry.multiapps.controller.persistence.services.ProcessLogger########flowable-async-job-executor-thread-739###
[BuildCloudUndeployModelStep] Cloud applications to undeploy: [ ]#

#2.0#2023 02 04 13:29:11.121#Z#DEBUG#com.sap.cloud.lm.sl.xs2.e82ac8e3-a48f-11ed-af52-eeee0a9ffff7.OPERATION.buildUndeployModelTask#
######org.cloudfoundry.multiapps.controller.persistence.services.ProcessLogger########flowable-async-job-executor-thread-739###
[BuildCloudUndeployModelStep] Cloud undeployment model built#

#2.0#2023 02 04 13:29:11.121#Z#DEBUG#com.sap.cloud.lm.sl.xs2.e82ac8e3-a48f-11ed-af52-eeee0a9ffff7.OPERATION.buildUndeployModelTask#
######org.cloudfoundry.multiapps.controller.persistence.services.ProcessLogger########flowable-async-job-executor-thread-739###
Step "Build Undeploy Model" finished#

#2.0#2023 02 04 13:29:11.164#Z#DEBUG#com.sap.cloud.lm.sl.xs2.e82ac8e3-a48f-11ed-af52-eeee0a9ffff7.OPERATION.addDomainsTask#
######org.cloudfoundry.multiapps.controller.persistence.services.ProcessLogger########flowable-async-job-executor-thread-740###
[AddDomainsStep] Executing task "addDomainsTask" of process "e82ac903-a48f-11ed-af52-eeee0a9ffff7"...#

#2.0#2023 02 04 13:29:11.167#Z#DEBUG#com.sap.cloud.lm.sl.xs2.e82ac8e3-a48f-11ed-af52-eeee0a9ffff7.OPERATION.addDomainsTask#
######org.cloudfoundry.multiapps.controller.persistence.services.ProcessLogger########flowable-async-job-executor-thread-740###
[AddDomainsStep] Custom domains: []#

#2.0#2023 02 04 13:29:11.167#Z#DEBUG#com.sap.cloud.lm.sl.xs2.e82ac8e3-a48f-11ed-af52-eeee0a9ffff7.OPERATION.addDomainsTask#
######org.cloudfoundry.multiapps.controller.persistence.services.ProcessLogger########flowable-async-job-executor-thread-740###
Step "Add Domains" finished#

#2.0#2023 02 04 13:29:11.302#Z#DEBUG#com.sap.cloud.lm.sl.xs2.e82ac8e3-a48f-11ed-af52-eeee0a9ffff7.OPERATION.prepareModulesDeploymentTask#
######org.cloudfoundry.multiapps.controller.persistence.services.ProcessLogger########flowable-async-job-executor-thread-742###
[ExtractBatchedServicesStep] Executing task "prepareModulesDeploymentTask" of process "e8dbca71-a48f-11ed-af52-eeee0a9ffff7"...#

#2.0#2023 02 04 13:29:11.303#Z#DEBUG#com.sap.cloud.lm.sl.xs2.e82ac8e3-a48f-11ed-af52-eeee0a9ffff7.OPERATION.prepareModulesDeploymentTask#
######org.cloudfoundry.multiapps.controller.persistence.services.ProcessLogger########flowable-async-job-executor-thread-742###
[ExtractBatchedServicesStep] Extracting services from batch#

#2.0#2023 02 04 13:29:11.304#Z#DEBUG#com.sap.cloud.lm.sl.xs2.e82ac8e3-a48f-11ed-af52-eeee0a9ffff7.OPERATION.prepareModulesDeploymentTask#
######org.cloudfoundry.multiapps.controller.persistence.services.ProcessLogger########flowable-async-job-executor-thread-742###
[ExtractBatchedServicesStep] Services to create: [ {
  "isOptional" : false,
  "isManaged" : true,
  "name" : "wm_workflow",
  "v3Metadata" : {
    "annotations" : {
      "mta_id" : "wfm-car-order",
      "mta_version" : "0.0.1",
      "mta_resource" : "{\"name\":\"wm_workflow\"}"
    },
    "labels" : {
      "mta_id" : "3a6bc88d1822bfbc20ff8bcb0fa0f329"
    }
  },
  "label" : "workflow",
  "plan" : "lite",
  "credentials" : "********",
  "tags" : [ ],
  "type" : "managed",
  "resourceName" : "wm_workflow",
  "shouldSkipParametersUpdate" : false,
  "shouldSkipPlanUpdate" : false,
  "shouldSkipTagsUpdate" : false,
  "shouldSkipSyslogUrlUpdate" : false
} ]#

#2.0#2023 02 04 13:29:11.304#Z#DEBUG#com.sap.cloud.lm.sl.xs2.e82ac8e3-a48f-11ed-af52-eeee0a9ffff7.OPERATION.prepareModulesDeploymentTask#
######org.cloudfoundry.multiapps.controller.persistence.services.ProcessLogger########flowable-async-job-executor-thread-742###
Step "Extract Services From Batches" finished#

#2.0#2023 02 04 13:29:11.401#Z#DEBUG#com.sap.cloud.lm.sl.xs2.e82ac8e3-a48f-11ed-af52-eeee0a9ffff7.OPERATION.CheckServiceOperationStateTask#
######org.cloudfoundry.multiapps.controller.persistence.services.ProcessLogger########flowable-async-job-executor-thread-744###
[CheckServiceOperationStateStep] Executing task "CheckServiceOperationStateTask" of process "e8ee402c-a48f-11ed-af52-eeee0a9ffff7"...#

#2.0#2023 02 04 13:29:11.401#Z#DEBUG#com.sap.cloud.lm.sl.xs2.e82ac8e3-a48f-11ed-af52-eeee0a9ffff7.OPERATION.CheckServiceOperationStateTask#
######org.cloudfoundry.multiapps.controller.persistence.services.ProcessLogger########flowable-async-job-executor-thread-744###
[CheckServiceOperationStateStep] Getting service instance "wm_workflow"...#

#2.0#2023 02 04 13:29:11.559#Z#DEBUG#com.sap.cloud.lm.sl.xs2.e82ac8e3-a48f-11ed-af52-eeee0a9ffff7.OPERATION.CheckServiceOperationStateTask#
######org.cloudfoundry.multiapps.controller.persistence.services.ProcessLogger########flowable-async-job-executor-thread-744###
Step "Check for service operations in Progress" finished#

#2.0#2023 02 04 13:29:11.600#Z#DEBUG#com.sap.cloud.lm.sl.xs2.e82ac8e3-a48f-11ed-af52-eeee0a9ffff7.OPERATION.DetermineServiceCreateUpdateActionsTask#
######org.cloudfoundry.multiapps.controller.persistence.services.ProcessLogger########flowable-async-job-executor-thread-737###
[DetermineServiceCreateUpdateServiceActionsStep] Executing task "DetermineServiceCreateUpdateActionsTask" of process "e8ee402c-a48f-11ed-af52-eeee0a9ffff7"...#

#2.0#2023 02 04 13:29:11.601#Z#INFO#com.sap.cloud.lm.sl.xs2.e82ac8e3-a48f-11ed-af52-eeee0a9ffff7.OPERATION.DetermineServiceCreateUpdateActionsTask#
######org.cloudfoundry.multiapps.controller.persistence.services.ProcessLogger########flowable-async-job-executor-thread-737###
[DetermineServiceCreateUpdateServiceActionsStep] Processing service "wm_workflow"...#

#2.0#2023 02 04 13:29:11.607#Z#DEBUG#com.sap.cloud.lm.sl.xs2.e82ac8e3-a48f-11ed-af52-eeee0a9ffff7.OPERATION.DetermineServiceCreateUpdateActionsTask#
######org.cloudfoundry.multiapps.controller.persistence.services.ProcessLogger########flowable-async-job-executor-thread-737###
[DetermineServiceCreateUpdateServiceActionsStep] Getting service instance "wm_workflow"...#

#2.0#2023 02 04 13:29:11.766#Z#DEBUG#com.sap.cloud.lm.sl.xs2.e82ac8e3-a48f-11ed-af52-eeee0a9ffff7.OPERATION.DetermineServiceCreateUpdateActionsTask#
######org.cloudfoundry.multiapps.controller.persistence.services.ProcessLogger########flowable-async-job-executor-thread-737###
[DetermineServiceCreateUpdateServiceActionsStep] Existing service: {
  "name" : "wm_workflow",
  "metadata" : {
    "guid" : "bc907f85-e19b-45e3-8823-d14324f35aaa",
    "createdAt" : [ 2023, 2, 4, 10, 42, 16 ],
    "updatedAt" : [ 2023, 2, 4, 10, 42, 25 ]
  },
  "v3Metadata" : {
    "annotations" : {
      "mta_id" : "wfm-car-order",
      "mta_version" : "0.0.1",
      "mta_resource" : "{\"name\":\"wm_workflow\"}"
    },
    "labels" : {
      "mta_id" : "3a6bc88d1822bfbc20ff8bcb0fa0f329"
    }
  },
  "label" : "workflow",
  "plan" : "lite",
  "credentials" : "********",
  "tags" : [ ],
  "type" : "managed",
  "lastOperation" : {
    "type" : "UPDATE",
    "description" : "",
    "state" : "SUCCEEDED"
  }
}#

#2.0#2023 02 04 13:29:11.767#Z#DEBUG#com.sap.cloud.lm.sl.xs2.e82ac8e3-a48f-11ed-af52-eeee0a9ffff7.OPERATION.DetermineServiceCreateUpdateActionsTask#
######org.cloudfoundry.multiapps.controller.persistence.services.ProcessLogger########flowable-async-job-executor-thread-737###
[DetermineServiceCreateUpdateServiceActionsStep] Getting parameters of service instance "bc907f85-e19b-45e3-8823-d14324f35aaa"...#

#2.0#2023 02 04 13:29:12.185#Z#DEBUG#com.sap.cloud.lm.sl.xs2.e82ac8e3-a48f-11ed-af52-eeee0a9ffff7.OPERATION.DetermineServiceCreateUpdateActionsTask#
######org.cloudfoundry.multiapps.controller.persistence.services.ProcessLogger########flowable-async-job-executor-thread-737###
[DetermineServiceCreateUpdateServiceActionsStep] Existing service parameters: {
  "dataVisibility" : "shared",
  "defaultCollectionQueryFilter" : "shared",
  "applicationScope" : "com.sap.workflowmanagement"
}#

#2.0#2023 02 04 13:29:12.185#Z#DEBUG#com.sap.cloud.lm.sl.xs2.e82ac8e3-a48f-11ed-af52-eeee0a9ffff7.OPERATION.DetermineServiceCreateUpdateActionsTask#
######org.cloudfoundry.multiapps.controller.persistence.services.ProcessLogger########flowable-async-job-executor-thread-737###
[DetermineServiceCreateUpdateServiceActionsStep] Service parameters should be updated#

#2.0#2023 02 04 13:29:12.185#Z#DEBUG#com.sap.cloud.lm.sl.xs2.e82ac8e3-a48f-11ed-af52-eeee0a9ffff7.OPERATION.DetermineServiceCreateUpdateActionsTask#
######org.cloudfoundry.multiapps.controller.persistence.services.ProcessLogger########flowable-async-job-executor-thread-737###
[DetermineServiceCreateUpdateServiceActionsStep] New parameters: { }#

#2.0#2023 02 04 13:29:12.185#Z#DEBUG#com.sap.cloud.lm.sl.xs2.e82ac8e3-a48f-11ed-af52-eeee0a9ffff7.OPERATION.DetermineServiceCreateUpdateActionsTask#
######org.cloudfoundry.multiapps.controller.persistence.services.ProcessLogger########flowable-async-job-executor-thread-737###
Step "Determine update actions" finished#

#2.0#2023 02 04 13:29:12.252#Z#DEBUG#com.sap.cloud.lm.sl.xs2.e82ac8e3-a48f-11ed-af52-eeee0a9ffff7.OPERATION.UpdateServiceParametersTask#
######org.cloudfoundry.multiapps.controller.persistence.services.ProcessLogger########flowable-async-job-executor-thread-738###
[UpdateServiceParametersStep] Executing task "UpdateServiceParametersTask" of process "e8ee402c-a48f-11ed-af52-eeee0a9ffff7"...#

#2.0#2023 02 04 13:29:12.255#Z#INFO#com.sap.cloud.lm.sl.xs2.e82ac8e3-a48f-11ed-af52-eeee0a9ffff7.OPERATION.UpdateServiceParametersTask#
######org.cloudfoundry.multiapps.controller.persistence.services.ProcessLogger########flowable-async-job-executor-thread-738###
[UpdateServiceParametersStep] Updating service "wm_workflow"...#

#2.0#2023 02 04 13:29:12.260#Z#DEBUG#com.sap.cloud.lm.sl.xs2.e82ac8e3-a48f-11ed-af52-eeee0a9ffff7.OPERATION.UpdateServiceParametersTask#
######org.cloudfoundry.multiapps.controller.persistence.services.ProcessLogger########flowable-async-job-executor-thread-738###
[UpdateServiceParametersStep] Updating service parameters for service "wm_workflow"...#

#2.0#2023 02 04 13:29:12.372#Z#DEBUG#com.sap.cloud.lm.sl.xs2.e82ac8e3-a48f-11ed-af52-eeee0a9ffff7.OPERATION.UpdateServiceParametersTask#
######org.cloudfoundry.multiapps.controller.persistence.services.ProcessLogger########flowable-async-job-executor-thread-738###
[UpdateServiceParametersStep] Service "wm_workflow" updated#

#2.0#2023 02 04 13:29:12.372#Z#DEBUG#com.sap.cloud.lm.sl.xs2.e82ac8e3-a48f-11ed-af52-eeee0a9ffff7.OPERATION.UpdateServiceParametersTask#
######org.cloudfoundry.multiapps.controller.persistence.services.ProcessLogger########flowable-async-job-executor-thread-738###
[UpdateServiceParametersStep] Triggered service operations: {
  "wm_workflow" : "UPDATE"
}#

#2.0#2023 02 04 13:29:12.373#Z#DEBUG#com.sap.cloud.lm.sl.xs2.e82ac8e3-a48f-11ed-af52-eeee0a9ffff7.OPERATION.UpdateServiceParametersTask#
######org.cloudfoundry.multiapps.controller.persistence.services.ProcessLogger########flowable-async-job-executor-thread-738###
Step "Update parameters" finished#

#2.0#2023 02 04 13:29:18.170#Z#DEBUG#com.sap.cloud.lm.sl.xs2.e82ac8e3-a48f-11ed-af52-eeee0a9ffff7.OPERATION.UpdateServiceParametersTask#
######org.cloudfoundry.multiapps.controller.persistence.services.ProcessLogger########flowable-async-job-executor-thread-746###
[UpdateServiceParametersStep] Executing task "UpdateServiceParametersTask" of process "e8ee402c-a48f-11ed-af52-eeee0a9ffff7"...#

#2.0#2023 02 04 13:29:18.172#Z#DEBUG#com.sap.cloud.lm.sl.xs2.e82ac8e3-a48f-11ed-af52-eeee0a9ffff7.OPERATION.UpdateServiceParametersTask#
######org.cloudfoundry.multiapps.controller.persistence.services.ProcessLogger########flowable-async-job-executor-thread-746###
[UpdateServiceParametersStep] Polling service operations...#

#2.0#2023 02 04 13:29:18.174#Z#DEBUG#com.sap.cloud.lm.sl.xs2.e82ac8e3-a48f-11ed-af52-eeee0a9ffff7.OPERATION.UpdateServiceParametersTask#
######org.cloudfoundry.multiapps.controller.persistence.services.ProcessLogger########flowable-async-job-executor-thread-746###
[UpdateServiceParametersStep] Getting service instance "wm_workflow"...#

#2.0#2023 02 04 13:29:18.302#Z#DEBUG#com.sap.cloud.lm.sl.xs2.e82ac8e3-a48f-11ed-af52-eeee0a9ffff7.OPERATION.UpdateServiceParametersTask#
######org.cloudfoundry.multiapps.controller.persistence.services.ProcessLogger########flowable-async-job-executor-thread-746###
[UpdateServiceParametersStep] Last operation for service "wm_workflow": {
  "type" : "UPDATE",
  "description" : "",
  "state" : "SUCCEEDED"
}#

#2.0#2023 02 04 13:29:18.303#Z#DEBUG#com.sap.cloud.lm.sl.xs2.e82ac8e3-a48f-11ed-af52-eeee0a9ffff7.OPERATION.UpdateServiceParametersTask#
######org.cloudfoundry.multiapps.controller.persistence.services.ProcessLogger########flowable-async-job-executor-thread-746###
[UpdateServiceParametersStep] Service "wm_workflow" updated#

#2.0#2023 02 04 13:29:18.303#Z#INFO#com.sap.cloud.lm.sl.xs2.e82ac8e3-a48f-11ed-af52-eeee0a9ffff7.OPERATION.UpdateServiceParametersTask#
######org.cloudfoundry.multiapps.controller.persistence.services.ProcessLogger########flowable-async-job-executor-thread-746###
[UpdateServiceParametersStep] 1 of 1 done#

#2.0#2023 02 04 13:29:18.309#Z#DEBUG#com.sap.cloud.lm.sl.xs2.e82ac8e3-a48f-11ed-af52-eeee0a9ffff7.OPERATION.UpdateServiceParametersTask#
######org.cloudfoundry.multiapps.controller.persistence.services.ProcessLogger########flowable-async-job-executor-thread-746###
[UpdateServiceParametersStep] Remaining services to poll: [ ]#

#2.0#2023 02 04 13:29:18.310#Z#DEBUG#com.sap.cloud.lm.sl.xs2.e82ac8e3-a48f-11ed-af52-eeee0a9ffff7.OPERATION.UpdateServiceParametersTask#
######org.cloudfoundry.multiapps.controller.persistence.services.ProcessLogger########flowable-async-job-executor-thread-746###
Step "Update parameters" finished#

#2.0#2023 02 04 13:29:18.586#Z#DEBUG#com.sap.cloud.lm.sl.xs2.e82ac8e3-a48f-11ed-af52-eeee0a9ffff7.OPERATION.prepareModulesDeploymentTask#
######org.cloudfoundry.multiapps.controller.persistence.services.ProcessLogger########flowable-async-job-executor-thread-749###
[PrepareModulesDeploymentStep] Executing task "prepareModulesDeploymentTask" of process "ed318f75-a48f-11ed-af52-eeee0a9ffff7"...#

#2.0#2023 02 04 13:29:18.587#Z#DEBUG#com.sap.cloud.lm.sl.xs2.e82ac8e3-a48f-11ed-af52-eeee0a9ffff7.OPERATION.prepareModulesDeploymentTask#
######org.cloudfoundry.multiapps.controller.persistence.services.ProcessLogger########flowable-async-job-executor-thread-749###
[PrepareModulesDeploymentStep] Preparing modules deployment...#

#2.0#2023 02 04 13:29:18.593#Z#DEBUG#com.sap.cloud.lm.sl.xs2.e82ac8e3-a48f-11ed-af52-eeee0a9ffff7.OPERATION.prepareModulesDeploymentTask#
######org.cloudfoundry.multiapps.controller.persistence.services.ProcessLogger########flowable-async-job-executor-thread-749###
Step "Prepare Modules Deployment" finished#

#2.0#2023 02 04 13:29:18.743#Z#DEBUG#com.sap.cloud.lm.sl.xs2.e82ac8e3-a48f-11ed-af52-eeee0a9ffff7.OPERATION.buildContentDeploymentConfigurationTask#
######org.cloudfoundry.multiapps.controller.persistence.services.ProcessLogger########flowable-async-job-executor-thread-751###
[BuildContentDeploymentConfigurationStep] Executing task "buildContentDeploymentConfigurationTask" of process "ed49fa0a-a48f-11ed-af52-eeee0a9ffff7"...#

#2.0#2023 02 04 13:29:18.746#Z#DEBUG#com.sap.cloud.lm.sl.xs2.e82ac8e3-a48f-11ed-af52-eeee0a9ffff7.OPERATION.buildContentDeploymentConfigurationTask#
######org.cloudfoundry.multiapps.controller.persistence.services.ProcessLogger########flowable-async-job-executor-thread-751###
[BuildContentDeploymentConfigurationStep] Getting service key "approve-car-order-wm_workflow-credentials" for service instance "wm_workflow"...#

#2.0#2023 02 04 13:29:19.014#Z#INFO#com.sap.cloud.lm.sl.xs2.e82ac8e3-a48f-11ed-af52-eeee0a9ffff7.OPERATION.buildContentDeploymentConfigurationTask#
######org.cloudfoundry.multiapps.controller.persistence.services.ProcessLogger########flowable-async-job-executor-thread-751###
[BuildContentDeploymentConfigurationStep] Service key "approve-car-order-wm_workflow-credentials" for service "wm_workflow" already exists#

#2.0#2023 02 04 13:29:19.020#Z#DEBUG#com.sap.cloud.lm.sl.xs2.e82ac8e3-a48f-11ed-af52-eeee0a9ffff7.OPERATION.buildContentDeploymentConfigurationTask#
######org.cloudfoundry.multiapps.controller.persistence.services.ProcessLogger########flowable-async-job-executor-thread-751###
Step "Build Content Deployment Configuration" finished#

#2.0#2023 02 04 13:29:19.032#Z#DEBUG#com.sap.cloud.lm.sl.xs2.e82ac8e3-a48f-11ed-af52-eeee0a9ffff7.OPERATION.createContentDeployClientConfigurationTask#
######org.cloudfoundry.multiapps.controller.persistence.services.ProcessLogger########flowable-async-job-executor-thread-751###
[CreateContentDeployClientConfigurationStep] Executing task "createContentDeployClientConfigurationTask" of process "ed807270-a48f-11ed-af52-eeee0a9ffff7"...#

#2.0#2023 02 04 13:29:19.033#Z#DEBUG#com.sap.cloud.lm.sl.xs2.e82ac8e3-a48f-11ed-af52-eeee0a9ffff7.OPERATION.createContentDeployClientConfigurationTask#
######org.cloudfoundry.multiapps.controller.persistence.services.ProcessLogger########flowable-async-job-executor-thread-751###
[CreateContentDeployClientConfigurationStep] Content deployer client configuration: {
  "contentDeployerUrl" : "https://api.workflow-sap.cfapps.us10.hana.ondemand.com/workflow-deploy/rest/internal/v1",
  "uaaClientConfiguration" : {
    "url" : "********",
    "useCertificateBasedAuthentication" : "********",
    "credentials" : "********"
  },
  "httpRequestHeaders" : {
    "X-CorrelationID" : "e82ac8e3-a48f-11ed-af52-eeee0a9ffff7"
  }
}#

#2.0#2023 02 04 13:29:19.313#Z#WARN#com.sap.cloud.lm.sl.xs2.e82ac8e3-a48f-11ed-af52-eeee0a9ffff7.OPERATION.createContentDeployClientConfigurationTask#
######org.cloudfoundry.multiapps.controller.persistence.services.ProcessLogger########flowable-async-job-executor-thread-751###
[CreateContentDeployClientConfigurationStep] An old service key with content_endpoint https://api.workflow-sap.cfapps.us10.hana.ondemand.com/workflow-deploy/rest/internal/v1 is used. Please recreate your service key#

#2.0#2023 02 04 13:29:19.313#Z#DEBUG#com.sap.cloud.lm.sl.xs2.e82ac8e3-a48f-11ed-af52-eeee0a9ffff7.OPERATION.createContentDeployClientConfigurationTask#
######org.cloudfoundry.multiapps.controller.persistence.services.ProcessLogger########flowable-async-job-executor-thread-751###
Step "Create Content Deploy Client Configuration" finished#

#2.0#2023 02 04 13:29:19.322#Z#DEBUG#com.sap.cloud.lm.sl.xs2.e82ac8e3-a48f-11ed-af52-eeee0a9ffff7.OPERATION.getContentFromDeploymentDescriptorTask#
######org.cloudfoundry.multiapps.controller.persistence.services.ProcessLogger########flowable-async-job-executor-thread-751###
[GetContentFromDeploymentDescriptorStep] Executing task "getContentFromDeploymentDescriptorTask" of process "ed807270-a48f-11ed-af52-eeee0a9ffff7"...#

#2.0#2023 02 04 13:29:19.322#Z#DEBUG#com.sap.cloud.lm.sl.xs2.e82ac8e3-a48f-11ed-af52-eeee0a9ffff7.OPERATION.getContentFromDeploymentDescriptorTask#
######org.cloudfoundry.multiapps.controller.persistence.services.ProcessLogger########flowable-async-job-executor-thread-751###
Step "Get Content From Deployment Descriptor" finished#

#2.0#2023 02 04 13:29:19.330#Z#DEBUG#com.sap.cloud.lm.sl.xs2.e82ac8e3-a48f-11ed-af52-eeee0a9ffff7.OPERATION.uploadContentTask#
######org.cloudfoundry.multiapps.controller.persistence.services.ProcessLogger########flowable-async-job-executor-thread-751###
[UploadContentStep] Executing task "uploadContentTask" of process "ed807270-a48f-11ed-af52-eeee0a9ffff7"...#

#2.0#2023 02 04 13:29:19.330#Z#INFO#com.sap.cloud.lm.sl.xs2.e82ac8e3-a48f-11ed-af52-eeee0a9ffff7.OPERATION.uploadContentTask#
######org.cloudfoundry.multiapps.controller.persistence.services.ProcessLogger########flowable-async-job-executor-thread-751###
[UploadContentStep] Uploading content module "approve-car-order" in target service "wm_workflow"...#

#2.0#2023 02 04 13:29:19.336#Z#DEBUG#com.sap.cloud.lm.sl.xs2.e82ac8e3-a48f-11ed-af52-eeee0a9ffff7.OPERATION.uploadContentTask#
######org.cloudfoundry.multiapps.controller.persistence.services.ProcessLogger########flowable-async-job-executor-thread-751###
[UploadContentStep] Uploading file "approve-car-order/data.zip" for content module "approve-car-order" in service "wm_workflow"#

#2.0#2023 02 04 13:29:19.495#Z#WARN#com.sap.cloud.lm.sl.xs2.e82ac8e3-a48f-11ed-af52-eeee0a9ffff7.OPERATION.uploadContentTask#
######org.cloudfoundry.multiapps.controller.persistence.services.ProcessLogger########flowable-async-job-executor-thread-751###
[UploadContentStep] An old service key with content_endpoint https://api.workflow-sap.cfapps.us10.hana.ondemand.com/workflow-deploy/rest/internal/v1 is used. Please recreate your service key#

#2.0#2023 02 04 13:29:19.678#Z#DEBUG#com.sap.cloud.lm.sl.xs2.e82ac8e3-a48f-11ed-af52-eeee0a9ffff7.OPERATION.uploadContentTask#
######org.cloudfoundry.multiapps.controller.persistence.services.ProcessLogger########flowable-async-job-executor-thread-751###
[UploadContentStep] Uploaded content: {
  "id" : "edd57002-a48f-11ed-bba3-4fa17cf77f42",
  "name" : "2842860800528654043.zip",
  "contentType" : "FILE"
}#

#2.0#2023 02 04 13:29:19.678#Z#DEBUG#com.sap.cloud.lm.sl.xs2.e82ac8e3-a48f-11ed-af52-eeee0a9ffff7.OPERATION.uploadContentTask#
######org.cloudfoundry.multiapps.controller.persistence.services.ProcessLogger########flowable-async-job-executor-thread-751###
Step "Upload Content" finished#

#2.0#2023 02 04 13:29:19.686#Z#DEBUG#com.sap.cloud.lm.sl.xs2.e82ac8e3-a48f-11ed-af52-eeee0a9ffff7.OPERATION.startContentDeployTask#
######org.cloudfoundry.multiapps.controller.persistence.services.ProcessLogger########flowable-async-job-executor-thread-751###
[StartContentDeployStep] Executing task "startContentDeployTask" of process "ed807270-a48f-11ed-af52-eeee0a9ffff7"...#

#2.0#2023 02 04 13:29:19.686#Z#INFO#com.sap.cloud.lm.sl.xs2.e82ac8e3-a48f-11ed-af52-eeee0a9ffff7.OPERATION.startContentDeployTask#
######org.cloudfoundry.multiapps.controller.persistence.services.ProcessLogger########flowable-async-job-executor-thread-751###
[StartContentDeployStep] Deploying content module "approve-car-order" in target service "wm_workflow"...#

#2.0#2023 02 04 13:29:19.824#Z#WARN#com.sap.cloud.lm.sl.xs2.e82ac8e3-a48f-11ed-af52-eeee0a9ffff7.OPERATION.startContentDeployTask#
######org.cloudfoundry.multiapps.controller.persistence.services.ProcessLogger########flowable-async-job-executor-thread-751###
[StartContentDeployStep] An old service key with content_endpoint https://api.workflow-sap.cfapps.us10.hana.ondemand.com/workflow-deploy/rest/internal/v1 is used. Please recreate your service key#

#2.0#2023 02 04 13:29:19.898#Z#DEBUG#com.sap.cloud.lm.sl.xs2.e82ac8e3-a48f-11ed-af52-eeee0a9ffff7.OPERATION.startContentDeployTask#
######org.cloudfoundry.multiapps.controller.persistence.services.ProcessLogger########flowable-async-job-executor-thread-751###
Step "Start Content Deploy" finished#

#2.0#2023 02 04 13:29:28.165#Z#DEBUG#com.sap.cloud.lm.sl.xs2.e82ac8e3-a48f-11ed-af52-eeee0a9ffff7.OPERATION.startContentDeployTask#
######org.cloudfoundry.multiapps.controller.persistence.services.ProcessLogger########flowable-async-job-executor-thread-1058###
[StartContentDeployStep] Executing task "startContentDeployTask" of process "ed807270-a48f-11ed-af52-eeee0a9ffff7"...#

#2.0#2023 02 04 13:29:28.167#Z#DEBUG#com.sap.cloud.lm.sl.xs2.e82ac8e3-a48f-11ed-af52-eeee0a9ffff7.OPERATION.startContentDeployTask#
######org.cloudfoundry.multiapps.controller.persistence.services.ProcessLogger########flowable-async-job-executor-thread-1058###
[StartContentDeployStep] Checking status of module content deployment "approve-car-order" in service "wm_workflow"...#

#2.0#2023 02 04 13:29:28.311#Z#WARN#com.sap.cloud.lm.sl.xs2.e82ac8e3-a48f-11ed-af52-eeee0a9ffff7.OPERATION.startContentDeployTask#
######org.cloudfoundry.multiapps.controller.persistence.services.ProcessLogger########flowable-async-job-executor-thread-1058###
[StartContentDeployStep] An old service key with content_endpoint https://api.workflow-sap.cfapps.us10.hana.ondemand.com/workflow-deploy/rest/internal/v1 is used. Please recreate your service key#

#2.0#2023 02 04 13:29:28.388#Z#ERROR#com.sap.cloud.lm.sl.xs2.e82ac8e3-a48f-11ed-af52-eeee0a9ffff7.OPERATION.startContentDeployTask#
######org.cloudfoundry.multiapps.controller.persistence.services.ProcessLogger########flowable-async-job-executor-thread-1058###
[StartContentDeployStep] [approve-car-order] [ERROR] Deployment of ApproveCarOrder.form failed due to  invalid response code 422 from runtime server, Response Details: {"error":{"code":"bpm.workflowruntime.form.definition.model.invalid","message":"Validation of the form definition has failed.","details":[{"severity":"error","message":"Error in element: 'id' must not be empty.","modelElement":"content[1].id"},{"severity":"error","message":"Error in element: 'id' must not be empty.","modelElement":"content[2].id"},{"severity":"error","message":"Error in element: 'id' must be unique across all direct children.","modelElement":"content"}]}}#

#2.0#2023 02 04 13:29:28.396#Z#ERROR#com.sap.cloud.lm.sl.xs2.e82ac8e3-a48f-11ed-af52-eeee0a9ffff7.OPERATION.startContentDeployTask#
######org.cloudfoundry.multiapps.controller.persistence.services.ProcessLogger########flowable-async-job-executor-thread-1058###
[StartContentDeployStep] [approve-car-order] [FATAL] Deployment of ApproveCarOrder.form failed , Error Details: while trying to invoke the method org.springframework.http.ResponseEntity.getStatusCode() of a null object loaded from local variable 'response'#

#2.0#2023 02 04 13:29:28.540#Z#WARN#com.sap.cloud.lm.sl.xs2.e82ac8e3-a48f-11ed-af52-eeee0a9ffff7.OPERATION.startContentDeployTask#
######org.cloudfoundry.multiapps.controller.persistence.services.ProcessLogger########flowable-async-job-executor-thread-1058###
[StartContentDeployStep] An old service key with content_endpoint https://api.workflow-sap.cfapps.us10.hana.ondemand.com/workflow-deploy/rest/internal/v1 is used. Please recreate your service key#

#2.0#2023 02 04 13:29:28.543#Z#DEBUG#com.sap.cloud.lm.sl.xs2.e82ac8e3-a48f-11ed-af52-eeee0a9ffff7.OPERATION.startContentDeployTask#
######org.cloudfoundry.multiapps.controller.persistence.services.ProcessLogger########flowable-async-job-executor-thread-1058###
[StartContentDeployStep] Deleting content deployment resource "ee022554-a48f-11ed-bba3-556ef5648510"...#

#2.0#2023 02 04 13:29:28.703#Z#ERROR#com.sap.cloud.lm.sl.xs2.e82ac8e3-a48f-11ed-af52-eeee0a9ffff7.OPERATION.startContentDeployTask#
######org.cloudfoundry.multiapps.controller.persistence.services.ProcessLogger########flowable-async-job-executor-thread-1058###
[StartContentDeployStep] Content deployment for module "approve-car-order" failed. Download the logs "approve-car-order_wm_workflow" via the dmol command and check them for more information.#

#2.0#2023 02 04 13:29:28.708#Z#ERROR#com.sap.cloud.lm.sl.xs2.e82ac8e3-a48f-11ed-af52-eeee0a9ffff7.OPERATION.startContentDeployTask#
######org.cloudfoundry.multiapps.controller.persistence.services.ProcessLogger########flowable-async-job-executor-thread-1058###
Exception caught#

org.cloudfoundry.multiapps.common.SLException: A step of the process has failed. Retrying it may solve the issue.
	at org.cloudfoundry.multiapps.controller.process.steps.SyncFlowableStep.executeInternal(SyncFlowableStep.java:77) ~[multiapps-controller-process-1.148.0.jar:?]
	at org.cloudfoundry.multiapps.controller.process.steps.SyncFlowableStep.lambda$execute$0(SyncFlowableStep.java:65) ~[multiapps-controller-process-1.148.0.jar:?]
	at org.cloudfoundry.multiapps.controller.core.util.LoggingUtil.logWithCorrelationId(LoggingUtil.java:14) ~[multiapps-controller-core-1.148.0.jar:?]
	at org.cloudfoundry.multiapps.controller.process.steps.SyncFlowableStep.execute(SyncFlowableStep.java:65) ~[multiapps-controller-process-1.148.0.jar:?]
	at org.flowable.engine.impl.delegate.invocation.JavaDelegateInvocation.invoke(JavaDelegateInvocation.java:35) ~[flowable-engine-6.6.0.jar:6.6.0]
	at org.flowable.engine.impl.delegate.invocation.DelegateInvocation.proceed(DelegateInvocation.java:32) ~[flowable-engine-6.6.0.jar:6.6.0]
	at org.flowable.engine.impl.delegate.invocation.DefaultDelegateInterceptor.handleInvocation(DefaultDelegateInterceptor.java:26) ~[flowable-engine-6.6.0.jar:6.6.0]
	at org.flowable.engine.impl.bpmn.behavior.ServiceTaskDelegateExpressionActivityBehavior.execute(ServiceTaskDelegateExpressionActivityBehavior.java:157) ~[flowable-engine-6.6.0.jar:6.6.0]
	at org.flowable.engine.impl.agenda.ContinueProcessOperation.executeActivityBehavior(ContinueProcessOperation.java:313) ~[flowable-engine-6.6.0.jar:6.6.0]
	at org.flowable.engine.impl.agenda.ContinueProcessOperation.executeSynchronous(ContinueProcessOperation.java:170) ~[flowable-engine-6.6.0.jar:6.6.0]
	at org.flowable.engine.impl.agenda.ContinueProcessOperation.continueThroughFlowNode(ContinueProcessOperation.java:125) ~[flowable-engine-6.6.0.jar:6.6.0]
	at org.flowable.engine.impl.agenda.ContinueProcessOperation.run(ContinueProcessOperation.java:88) ~[flowable-engine-6.6.0.jar:6.6.0]
	at org.flowable.common.engine.impl.AbstractEngineConfiguration.lambda$new$0(AbstractEngineConfiguration.java:173) ~[flowable-engine-common-6.6.0.jar:6.6.0]
	at org.flowable.engine.impl.interceptor.CommandInvoker.executeOperation(CommandInvoker.java:97) ~[flowable-engine-6.6.0.jar:6.6.0]
	at org.flowable.engine.impl.interceptor.CommandInvoker.executeOperations(CommandInvoker.java:81) ~[flowable-engine-6.6.0.jar:6.6.0]
	at org.flowable.engine.impl.interceptor.CommandInvoker.execute(CommandInvoker.java:64) ~[flowable-engine-6.6.0.jar:6.6.0]
	at org.flowable.engine.impl.interceptor.BpmnOverrideContextInterceptor.execute(BpmnOverrideContextInterceptor.java:26) ~[flowable-engine-6.6.0.jar:6.6.0]
	at org.flowable.common.engine.impl.interceptor.TransactionContextInterceptor.execute(TransactionContextInterceptor.java:53) ~[flowable-engine-common-6.6.0.jar:6.6.0]
	at org.flowable.common.engine.impl.interceptor.CommandContextInterceptor.execute(CommandContextInterceptor.java:83) ~[flowable-engine-common-6.6.0.jar:6.6.0]
	at org.flowable.common.spring.SpringTransactionInterceptor.lambda$execute$0(SpringTransactionInterceptor.java:57) ~[flowable-spring-common-6.6.0.jar:6.6.0]
	at org.springframework.transaction.support.TransactionTemplate.execute(TransactionTemplate.java:140) [spring-tx-5.3.23.jar:5.3.23]
	at org.flowable.common.spring.SpringTransactionInterceptor.execute(SpringTransactionInterceptor.java:57) [flowable-spring-common-6.6.0.jar:6.6.0]
	at org.flowable.common.engine.impl.interceptor.LogInterceptor.execute(LogInterceptor.java:30) [flowable-engine-common-6.6.0.jar:6.6.0]
	at org.flowable.common.engine.impl.cfg.CommandExecutorImpl.execute(CommandExecutorImpl.java:56) [flowable-engine-common-6.6.0.jar:6.6.0]
	at org.flowable.common.engine.impl.cfg.CommandExecutorImpl.execute(CommandExecutorImpl.java:51) [flowable-engine-common-6.6.0.jar:6.6.0]
	at org.flowable.job.service.impl.asyncexecutor.ExecuteAsyncRunnable.executeJob(ExecuteAsyncRunnable.java:127) [flowable-job-service-6.6.0.jar:6.6.0]
	at org.flowable.job.service.impl.asyncexecutor.ExecuteAsyncRunnable.run(ExecuteAsyncRunnable.java:115) [flowable-job-service-6.6.0.jar:6.6.0]
	at java.util.concurrent.ThreadPoolExecutor.runWorker(Unknown Source) [?:?]
	at java.util.concurrent.ThreadPoolExecutor$Worker.run(Unknown Source) [?:?]
	at java.lang.Thread.run(Unknown Source) [?:?]
#2.0#2023 02 04 13:29:28.721#Z#DEBUG#com.sap.cloud.lm.sl.xs2.e82ac8e3-a48f-11ed-af52-eeee0a9ffff7.OPERATION.startContentDeployTask#
######org.cloudfoundry.multiapps.controller.persistence.services.ProcessLogger########flowable-async-job-executor-thread-1058###
Step "Start Content Deploy" finished#

#2.0#2023 02 04 13:29:31.508#Z#DEBUG#com.sap.cloud.lm.sl.xs2.e82ac8e3-a48f-11ed-af52-eeee0a9ffff7.OPERATION.startContentDeployTask#
######org.cloudfoundry.multiapps.controller.persistence.services.ProcessLogger########flowable-async-job-executor-thread-752###
[StartContentDeployStep] Executing task "startContentDeployTask" of process "ed807270-a48f-11ed-af52-eeee0a9ffff7"...#

#2.0#2023 02 04 13:29:31.512#Z#INFO#com.sap.cloud.lm.sl.xs2.e82ac8e3-a48f-11ed-af52-eeee0a9ffff7.OPERATION.startContentDeployTask#
######org.cloudfoundry.multiapps.controller.persistence.services.ProcessLogger########flowable-async-job-executor-thread-752###
[StartContentDeployStep] Deploying content module "approve-car-order" in target service "wm_workflow"...#

#2.0#2023 02 04 13:29:31.661#Z#WARN#com.sap.cloud.lm.sl.xs2.e82ac8e3-a48f-11ed-af52-eeee0a9ffff7.OPERATION.startContentDeployTask#
######org.cloudfoundry.multiapps.controller.persistence.services.ProcessLogger########flowable-async-job-executor-thread-752###
[StartContentDeployStep] An old service key with content_endpoint https://api.workflow-sap.cfapps.us10.hana.ondemand.com/workflow-deploy/rest/internal/v1 is used. Please recreate your service key#

#2.0#2023 02 04 13:29:31.734#Z#DEBUG#com.sap.cloud.lm.sl.xs2.e82ac8e3-a48f-11ed-af52-eeee0a9ffff7.OPERATION.startContentDeployTask#
######org.cloudfoundry.multiapps.controller.persistence.services.ProcessLogger########flowable-async-job-executor-thread-752###
Step "Start Content Deploy" finished#

#2.0#2023 02 04 13:29:38.185#Z#DEBUG#com.sap.cloud.lm.sl.xs2.e82ac8e3-a48f-11ed-af52-eeee0a9ffff7.OPERATION.startContentDeployTask#
######org.cloudfoundry.multiapps.controller.persistence.services.ProcessLogger########flowable-async-job-executor-thread-1059###
[StartContentDeployStep] Executing task "startContentDeployTask" of process "ed807270-a48f-11ed-af52-eeee0a9ffff7"...#

#2.0#2023 02 04 13:29:38.187#Z#DEBUG#com.sap.cloud.lm.sl.xs2.e82ac8e3-a48f-11ed-af52-eeee0a9ffff7.OPERATION.startContentDeployTask#
######org.cloudfoundry.multiapps.controller.persistence.services.ProcessLogger########flowable-async-job-executor-thread-1059###
[StartContentDeployStep] Checking status of module content deployment "approve-car-order" in service "wm_workflow"...#

#2.0#2023 02 04 13:29:38.238#Z#WARN#com.sap.cloud.lm.sl.xs2.e82ac8e3-a48f-11ed-af52-eeee0a9ffff7.OPERATION.startContentDeployTask#
######org.cloudfoundry.multiapps.controller.persistence.services.ProcessLogger########flowable-async-job-executor-thread-1059###
[StartContentDeployStep] An old service key with content_endpoint https://api.workflow-sap.cfapps.us10.hana.ondemand.com/workflow-deploy/rest/internal/v1 is used. Please recreate your service key#

#2.0#2023 02 04 13:29:38.302#Z#ERROR#com.sap.cloud.lm.sl.xs2.e82ac8e3-a48f-11ed-af52-eeee0a9ffff7.OPERATION.startContentDeployTask#
######org.cloudfoundry.multiapps.controller.persistence.services.ProcessLogger########flowable-async-job-executor-thread-1059###
[StartContentDeployStep] [approve-car-order] [FATAL] Deployment of file Id edd57002-a48f-11ed-bba3-4fa17cf77f42  Failed, Error details: while trying to invoke the method com.sap.bpm.wds.core.model.WorkflowModuleContent.getSubcontents() of a null object loaded from local variable 'obj'#

#2.0#2023 02 04 13:29:38.356#Z#WARN#com.sap.cloud.lm.sl.xs2.e82ac8e3-a48f-11ed-af52-eeee0a9ffff7.OPERATION.startContentDeployTask#
######org.cloudfoundry.multiapps.controller.persistence.services.ProcessLogger########flowable-async-job-executor-thread-1059###
[StartContentDeployStep] An old service key with content_endpoint https://api.workflow-sap.cfapps.us10.hana.ondemand.com/workflow-deploy/rest/internal/v1 is used. Please recreate your service key#

#2.0#2023 02 04 13:29:38.359#Z#DEBUG#com.sap.cloud.lm.sl.xs2.e82ac8e3-a48f-11ed-af52-eeee0a9ffff7.OPERATION.startContentDeployTask#
######org.cloudfoundry.multiapps.controller.persistence.services.ProcessLogger########flowable-async-job-executor-thread-1059###
[StartContentDeployStep] Deleting content deployment resource "f50f42bc-a48f-11ed-bba3-e7b765749f72"...#

#2.0#2023 02 04 13:29:38.442#Z#ERROR#com.sap.cloud.lm.sl.xs2.e82ac8e3-a48f-11ed-af52-eeee0a9ffff7.OPERATION.startContentDeployTask#
######org.cloudfoundry.multiapps.controller.persistence.services.ProcessLogger########flowable-async-job-executor-thread-1059###
Exception caught#

org.cloudfoundry.multiapps.common.ContentException: Error checking status of content deployment from module "approve-car-order" in content service "wm_workflow": Content deployment for module "approve-car-order" failed due to invalid content. Download the logs "approve-car-order_wm_workflow" via the dmol command and check them for more information. 
	at org.cloudfoundry.multiapps.controller.process.steps.SyncFlowableStep.processException(SyncFlowableStep.java:131) ~[multiapps-controller-process-1.148.0.jar:?]
	at org.cloudfoundry.multiapps.controller.process.steps.AsyncFlowableStep.executeStepExecution(AsyncFlowableStep.java:28) ~[multiapps-controller-process-1.148.0.jar:?]
	at org.cloudfoundry.multiapps.controller.process.steps.AsyncFlowableStep.executeStep(AsyncFlowableStep.java:15) ~[multiapps-controller-process-1.148.0.jar:?]
	at org.cloudfoundry.multiapps.controller.process.steps.TimeoutAsyncFlowableStep.executeStep(TimeoutAsyncFlowableStep.java:19) ~[multiapps-controller-process-1.148.0.jar:?]
	at org.cloudfoundry.multiapps.controller.process.steps.SyncFlowableStep.executeInternal(SyncFlowableStep.java:75) ~[multiapps-controller-process-1.148.0.jar:?]
	at org.cloudfoundry.multiapps.controller.process.steps.SyncFlowableStep.lambda$execute$0(SyncFlowableStep.java:65) ~[multiapps-controller-process-1.148.0.jar:?]
	at org.cloudfoundry.multiapps.controller.core.util.LoggingUtil.logWithCorrelationId(LoggingUtil.java:14) ~[multiapps-controller-core-1.148.0.jar:?]
	at org.cloudfoundry.multiapps.controller.process.steps.SyncFlowableStep.execute(SyncFlowableStep.java:65) ~[multiapps-controller-process-1.148.0.jar:?]
	at org.flowable.engine.impl.delegate.invocation.JavaDelegateInvocation.invoke(JavaDelegateInvocation.java:35) ~[flowable-engine-6.6.0.jar:6.6.0]
	at org.flowable.engine.impl.delegate.invocation.DelegateInvocation.proceed(DelegateInvocation.java:32) ~[flowable-engine-6.6.0.jar:6.6.0]
	at org.flowable.engine.impl.delegate.invocation.DefaultDelegateInterceptor.handleInvocation(DefaultDelegateInterceptor.java:26) ~[flowable-engine-6.6.0.jar:6.6.0]
	at org.flowable.engine.impl.bpmn.behavior.ServiceTaskDelegateExpressionActivityBehavior.execute(ServiceTaskDelegateExpressionActivityBehavior.java:157) ~[flowable-engine-6.6.0.jar:6.6.0]
	at org.flowable.engine.impl.agenda.ContinueProcessOperation.executeActivityBehavior(ContinueProcessOperation.java:313) ~[flowable-engine-6.6.0.jar:6.6.0]
	at org.flowable.engine.impl.agenda.ContinueProcessOperation.executeSynchronous(ContinueProcessOperation.java:170) ~[flowable-engine-6.6.0.jar:6.6.0]
	at org.flowable.engine.impl.agenda.ContinueProcessOperation.continueThroughFlowNode(ContinueProcessOperation.java:125) ~[flowable-engine-6.6.0.jar:6.6.0]
	at org.flowable.engine.impl.agenda.ContinueProcessOperation.run(ContinueProcessOperation.java:88) ~[flowable-engine-6.6.0.jar:6.6.0]
	at org.flowable.common.engine.impl.AbstractEngineConfiguration.lambda$new$0(AbstractEngineConfiguration.java:173) ~[flowable-engine-common-6.6.0.jar:6.6.0]
	at org.flowable.engine.impl.interceptor.CommandInvoker.executeOperation(CommandInvoker.java:97) ~[flowable-engine-6.6.0.jar:6.6.0]
	at org.flowable.engine.impl.interceptor.CommandInvoker.executeOperations(CommandInvoker.java:81) ~[flowable-engine-6.6.0.jar:6.6.0]
	at org.flowable.engine.impl.interceptor.CommandInvoker.execute(CommandInvoker.java:64) ~[flowable-engine-6.6.0.jar:6.6.0]
	at org.flowable.engine.impl.interceptor.BpmnOverrideContextInterceptor.execute(BpmnOverrideContextInterceptor.java:26) ~[flowable-engine-6.6.0.jar:6.6.0]
	at org.flowable.common.engine.impl.interceptor.TransactionContextInterceptor.execute(TransactionContextInterceptor.java:53) ~[flowable-engine-common-6.6.0.jar:6.6.0]
	at org.flowable.common.engine.impl.interceptor.CommandContextInterceptor.execute(CommandContextInterceptor.java:83) ~[flowable-engine-common-6.6.0.jar:6.6.0]
	at org.flowable.common.spring.SpringTransactionInterceptor.lambda$execute$0(SpringTransactionInterceptor.java:57) ~[flowable-spring-common-6.6.0.jar:6.6.0]
	at org.springframework.transaction.support.TransactionTemplate.execute(TransactionTemplate.java:140) [spring-tx-5.3.23.jar:5.3.23]
	at org.flowable.common.spring.SpringTransactionInterceptor.execute(SpringTransactionInterceptor.java:57) [flowable-spring-common-6.6.0.jar:6.6.0]
	at org.flowable.common.engine.impl.interceptor.LogInterceptor.execute(LogInterceptor.java:30) [flowable-engine-common-6.6.0.jar:6.6.0]
	at org.flowable.common.engine.impl.cfg.CommandExecutorImpl.execute(CommandExecutorImpl.java:56) [flowable-engine-common-6.6.0.jar:6.6.0]
	at org.flowable.common.engine.impl.cfg.CommandExecutorImpl.execute(CommandExecutorImpl.java:51) [flowable-engine-common-6.6.0.jar:6.6.0]
	at org.flowable.job.service.impl.asyncexecutor.ExecuteAsyncRunnable.executeJob(ExecuteAsyncRunnable.java:127) [flowable-job-service-6.6.0.jar:6.6.0]
	at org.flowable.job.service.impl.asyncexecutor.ExecuteAsyncRunnable.run(ExecuteAsyncRunnable.java:115) [flowable-job-service-6.6.0.jar:6.6.0]
	at java.util.concurrent.ThreadPoolExecutor.runWorker(Unknown Source) [?:?]
	at java.util.concurrent.ThreadPoolExecutor$Worker.run(Unknown Source) [?:?]
	at java.lang.Thread.run(Unknown Source) [?:?]
Caused by: org.cloudfoundry.multiapps.common.ContentException: Content deployment for module "approve-car-order" failed due to invalid content. Download the logs "approve-car-order_wm_workflow" via the dmol command and check them for more information.
	at com.sap.cloud.lm.sl.xs2.process.steps.PollDeployContentStatusExecution.checkStartupStatus(PollDeployContentStatusExecution.java:57) ~[com.sap.cloud.lm.sl.xs2.process-1.148.0.jar:?]
	at com.sap.cloud.lm.sl.xs2.process.steps.PollDeployContentStatusExecution.execute(PollDeployContentStatusExecution.java:33) ~[com.sap.cloud.lm.sl.xs2.process-1.148.0.jar:?]
	at org.cloudfoundry.multiapps.controller.process.steps.AsyncFlowableStep.executeStepExecution(AsyncFlowableStep.java:25) ~[multiapps-controller-process-1.148.0.jar:?]
	... 32 more
#2.0#2023 02 04 13:29:38.450#Z#DEBUG#com.sap.cloud.lm.sl.xs2.e82ac8e3-a48f-11ed-af52-eeee0a9ffff7.OPERATION.startContentDeployTask#
######org.cloudfoundry.multiapps.controller.persistence.services.ProcessLogger########flowable-async-job-executor-thread-1059###
Step "Start Content Deploy" finished#

